#
# There is insufficient memory for the Java Runtime Environment to continue.
# Native memory allocation (malloc) failed to allocate 1048576 bytes. Error detail: AllocateHeap
# Possible reasons:
#   The system is out of physical RAM or swap space
#   This process is running with CompressedOops enabled, and the Java Heap may be blocking the growth of the native heap
# Possible solutions:
#   Reduce memory load on the system
#   Increase physical memory or swap space
#   Check if swap backing store is full
#   Decrease Java heap size (-Xmx/-Xms)
#   Decrease number of Java threads
#   Decrease Java thread stack sizes (-Xss)
#   Set larger code cache with -XX:ReservedCodeCacheSize=
#   JVM is running with Unscaled Compressed Oops mode in which the Java heap is
#     placed in the first 4GB address space. The Java Heap base address is the
#     maximum limit for the native heap growth. Please use -XX:HeapBaseMinAddress
#     to set the Java Heap base and to place the Java Heap above 4GB virtual address.
# This output file may be truncated or incomplete.
#
#  Out of Memory Error (allocation.cpp:44), pid=25080, tid=21048
#
# JRE version: OpenJDK Runtime Environment Temurin-21.0.11+10 (21.0.11+10) (build 21.0.11+10-LTS)
# Java VM: OpenJDK 64-Bit Server VM Temurin-21.0.11+10 (21.0.11+10-LTS, mixed mode, sharing, tiered, compressed oops, compressed class ptrs, parallel gc, windows-amd64)
# No core dump will be written. Minidumps are not enabled by default on client versions of Windows
#

---------------  S U M M A R Y ------------

Command Line: --add-modules=ALL-SYSTEM --add-opens=java.base/java.util=ALL-UNNAMED --add-opens=java.base/java.lang=ALL-UNNAMED --add-opens=java.base/sun.nio.fs=ALL-UNNAMED -Declipse.application=org.eclipse.jdt.ls.core.id1 -Dosgi.bundles.defaultStartLevel=4 -Declipse.product=org.eclipse.jdt.ls.core.product -Djava.import.generatesMetadataFilesAtProjectRoot=false -DDetectVMInstallationsJob.disabled=true -Dfile.encoding=utf8 -XX:+UseParallelGC -XX:GCTimeRatio=4 -XX:AdaptiveSizePolicyWeight=90 -Dsun.zip.disableMemoryMapping=true -Xmx2G -Xms100m -Xlog:disable -javaagent:c:\Users\Indhu\.vscode\extensions\redhat.java-1.55.0-win32-x64\lombok\lombok-1.18.39-4050.jar -XX:+HeapDumpOnOutOfMemoryError -XX:HeapDumpPath=c:\Users\Indhu\AppData\Roaming\Code\User\workspaceStorage\156ce103e89e6260981728d698ba9c7e\redhat.java -Daether.dependencyCollector.impl=bf c:\Users\Indhu\.vscode\extensions\redhat.java-1.55.0-win32-x64\server\plugins\org.eclipse.equinox.launcher_1.7.200.v20260619-2039.jar -configuration c:\Users\Indhu\AppData\Roaming\Code\User\globalStorage\redhat.java\1.55.0\config_win -data c:\Users\Indhu\AppData\Roaming\Code\User\workspaceStorage\156ce103e89e6260981728d698ba9c7e\redhat.java\jdt_ws --pipe=\\.\pipe\lsp-9a80d8866ce68fa58c898a0d919e9bf4-sock

Host: Intel(R) Core(TM) i3-1005G1 CPU @ 1.20GHz, 4 cores, 3G,  Windows 11 , 64 bit Build 26100 (10.0.26100.8737)
Time: Mon Jul  6 14:51:55 2026 India Standard Time elapsed time: 2615.143683 seconds (0d 0h 43m 35s)

---------------  T H R E A D  ---------------

Current thread (0x00000159f29a7d30):  JavaThread "Attach Listener" daemon [_thread_in_vm, id=21048, stack(0x0000004796000000,0x0000004796100000) (1024K)]

Stack: [0x0000004796000000,0x0000004796100000]
Native frames: (J=compiled Java code, j=interpreted, Vv=VM code, C=native code)
V  [jvm.dll+0x6d7e19]
V  [jvm.dll+0x8b5096]
V  [jvm.dll+0x8b764e]
V  [jvm.dll+0x8b7d33]
V  [jvm.dll+0x284596]
V  [jvm.dll+0xc13c7]
V  [jvm.dll+0x6d86c9]
V  [jvm.dll+0x133616]
V  [jvm.dll+0x3f868e]
V  [jvm.dll+0x85fb0d]
V  [jvm.dll+0x6d664d]
C  [ucrtbase.dll+0x2cd30]
C  [KERNEL32.DLL+0x2e957]
C  [ntdll.dll+0xaad6c]


---------------  P R O C E S S  ---------------

Threads class SMR info:
_java_thread_list=0x00000159d2123810, length=30, elements={
0x00000159f2ab6060, 0x00000159f299cec0, 0x00000159f29a0410, 0x00000159f29a4fb0,
0x00000159f29a7d30, 0x00000159f29a83c0, 0x00000159f29a62f0, 0x00000159f29c1890,
0x00000159ff010110, 0x00000159f29a90e0, 0x00000159f29a5c60, 0x00000159f29a8a50,
0x00000159f29a6980, 0x00000159f29a7010, 0x00000159f29a76a0, 0x00000159ff6eb3d0,
0x00000159ff6eba60, 0x00000159ff6ed4a0, 0x00000159ff6ead40, 0x00000159ff6ece10,
0x00000159ff6ea6b0, 0x00000159ff6ee1c0, 0x00000159ff6eeee0, 0x00000159ff6ec0f0,
0x00000159ff6f0290, 0x00000159ff6f0920, 0x00000159ff6efc00, 0x00000159ff6f0fb0,
0x00000159ff6ef570, 0x00000159ff6f1640
}

Java Threads: ( => current thread )
  0x00000159f2ab6060 JavaThread "main"                              [_thread_blocked, id=5040, stack(0x0000004795900000,0x0000004795a00000) (1024K)]
  0x00000159f299cec0 JavaThread "Reference Handler"          daemon [_thread_blocked, id=4244, stack(0x0000004795d00000,0x0000004795e00000) (1024K)]
  0x00000159f29a0410 JavaThread "Finalizer"                  daemon [_thread_blocked, id=21812, stack(0x0000004795e00000,0x0000004795f00000) (1024K)]
  0x00000159f29a4fb0 JavaThread "Signal Dispatcher"          daemon [_thread_blocked, id=14912, stack(0x0000004795f00000,0x0000004796000000) (1024K)]
=>0x00000159f29a7d30 JavaThread "Attach Listener"            daemon [_thread_in_vm, id=21048, stack(0x0000004796000000,0x0000004796100000) (1024K)]
  0x00000159f29a83c0 JavaThread "Service Thread"             daemon [_thread_blocked, id=6044, stack(0x0000004796100000,0x0000004796200000) (1024K)]
  0x00000159f29a62f0 JavaThread "Monitor Deflation Thread"   daemon [_thread_blocked, id=20340, stack(0x0000004796200000,0x0000004796300000) (1024K)]
  0x00000159f29c1890 JavaThread "C2 CompilerThread0"         daemon [_thread_blocked, id=2156, stack(0x0000004796300000,0x0000004796400000) (1024K)]
  0x00000159ff010110 JavaThread "C1 CompilerThread0"         daemon [_thread_blocked, id=24704, stack(0x0000004796400000,0x0000004796500000) (1024K)]
  0x00000159f29a90e0 JavaThread "Common-Cleaner"             daemon [_thread_blocked, id=19632, stack(0x0000004796500000,0x0000004796600000) (1024K)]
  0x00000159f29a5c60 JavaThread "Notification Thread"        daemon [_thread_blocked, id=22928, stack(0x0000004796600000,0x0000004796700000) (1024K)]
  0x00000159f29a8a50 JavaThread "Active Thread: Equinox Container: 67b86d3a-1635-4518-b16d-4f8994aeca03"        [_thread_blocked, id=20404, stack(0x0000004796a00000,0x0000004796b00000) (1024K)]
  0x00000159f29a6980 JavaThread "Refresh Thread: Equinox Container: 67b86d3a-1635-4518-b16d-4f8994aeca03" daemon [_thread_blocked, id=25096, stack(0x0000004796b00000,0x0000004796c00000) (1024K)]
  0x00000159f29a7010 JavaThread "Framework Event Dispatcher: Equinox Container: 67b86d3a-1635-4518-b16d-4f8994aeca03" daemon [_thread_blocked, id=10508, stack(0x0000004796c00000,0x0000004796d00000) (1024K)]
  0x00000159f29a76a0 JavaThread "Start Level: Equinox Container: 67b86d3a-1635-4518-b16d-4f8994aeca03" daemon [_thread_blocked, id=5356, stack(0x0000004796d00000,0x0000004796e00000) (1024K)]
  0x00000159ff6eb3d0 JavaThread "Bundle File Closer"         daemon [_thread_blocked, id=24572, stack(0x0000004796e00000,0x0000004796f00000) (1024K)]
  0x00000159ff6eba60 JavaThread "SCR Component Actor"        daemon [_thread_blocked, id=18964, stack(0x0000004796f00000,0x0000004797000000) (1024K)]
  0x00000159ff6ed4a0 JavaThread "Worker-JM"                         [_thread_blocked, id=23800, stack(0x0000004797000000,0x0000004797100000) (1024K)]
  0x00000159ff6ead40 JavaThread "JNA Cleaner"                daemon [_thread_blocked, id=16920, stack(0x0000004797100000,0x0000004797200000) (1024K)]
  0x00000159ff6ece10 JavaThread "Worker-0"                          [_thread_blocked, id=14940, stack(0x0000004797200000,0x0000004797300000) (1024K)]
  0x00000159ff6ea6b0 JavaThread "Worker-1"                          [_thread_blocked, id=23000, stack(0x0000004797300000,0x0000004797400000) (1024K)]
  0x00000159ff6ee1c0 JavaThread "Java indexing"              daemon [_thread_blocked, id=19152, stack(0x0000004797500000,0x0000004797600000) (1024K)]
  0x00000159ff6eeee0 JavaThread "Thread-1"                   daemon [_thread_in_native, id=4508, stack(0x0000004797a00000,0x0000004797b00000) (1024K)]
  0x00000159ff6ec0f0 JavaThread "Thread-2"                   daemon [_thread_in_native, id=16616, stack(0x0000004797b00000,0x0000004797c00000) (1024K)]
  0x00000159ff6f0290 JavaThread "Thread-3"                   daemon [_thread_in_native, id=25572, stack(0x0000004797c00000,0x0000004797d00000) (1024K)]
  0x00000159ff6f0920 JavaThread "Thread-4"                   daemon [_thread_in_native, id=9660, stack(0x0000004797d00000,0x0000004797e00000) (1024K)]
  0x00000159ff6efc00 JavaThread "Thread-5"                   daemon [_thread_in_native, id=20448, stack(0x0000004797e00000,0x0000004797f00000) (1024K)]
  0x00000159ff6f0fb0 JavaThread "pool-2-thread-1"                   [_thread_blocked, id=24800, stack(0x0000004797f00000,0x0000004798000000) (1024K)]
  0x00000159ff6ef570 JavaThread "WorkspaceEventsHandler"            [_thread_blocked, id=10636, stack(0x0000004798000000,0x0000004798100000) (1024K)]
  0x00000159ff6f1640 JavaThread "pool-1-thread-1"                   [_thread_blocked, id=21864, stack(0x0000004798100000,0x0000004798200000) (1024K)]
Total: 30

Other Threads:
  0x00000159f2980690 VMThread "VM Thread"                           [id=3836, stack(0x0000004795c00000,0x0000004795d00000) (1024K)]
  0x00000159f2b1d3e0 WatcherThread "VM Periodic Task Thread"        [id=13376, stack(0x0000004795b00000,0x0000004795c00000) (1024K)]
  0x00000159f2ad04c0 WorkerThread "GC Thread#0"                     [id=6748, stack(0x0000004795a00000,0x0000004795b00000) (1024K)]
  0x00000159ff3c5070 WorkerThread "GC Thread#1"                     [id=8396, stack(0x0000004796700000,0x0000004796800000) (1024K)]
  0x00000159ff4159f0 WorkerThread "GC Thread#2"                     [id=20620, stack(0x0000004796800000,0x0000004796900000) (1024K)]
  0x00000159ff415da0 WorkerThread "GC Thread#3"                     [id=7848, stack(0x0000004796900000,0x0000004796a00000) (1024K)]
Total: 6

Threads with active compile tasks:
Total: 0

VM state: not at safepoint (normal execution)

VM Mutex/Monitor currently owned by a thread: None

Heap address: 0x0000000080000000, size: 2048 MB, Compressed Oops mode: 32-bit

CDS archive(s) mapped at: [0x000001598f000000-0x000001598fba0000-0x000001598fba0000), size 12189696, SharedBaseAddress: 0x000001598f000000, ArchiveRelocationMode: 1.
Compressed class space mapped at: 0x0000015990000000-0x00000159d0000000, reserved size: 1073741824
Narrow klass base: 0x000001598f000000, Narrow klass shift: 0, Narrow klass range: 0x100000000

GC Precious Log:
 CardTable entry size: 512
 CPUs: 4 total, 4 available
 Memory: 3901M
 Large Page Support: Disabled
 NUMA Support: Disabled
 Compressed Oops: Enabled (32-bit)
 Alignments: Space 512K, Generation 512K, Heap 2M
 Heap Min Capacity: 100M
 Heap Initial Capacity: 100M
 Heap Max Capacity: 2G
 Pre-touch: Disabled
 Parallel Workers: 4

Heap:
 PSYoungGen      total 11264K, used 421K [0x00000000d5580000, 0x00000000d6400000, 0x0000000100000000)
  eden space 10752K, 2% used [0x00000000d5580000,0x00000000d55c16f0,0x00000000d6000000)
  from space 512K, 31% used [0x00000000d6380000,0x00000000d63a8000,0x00000000d6400000)
  to   space 1536K, 0% used [0x00000000d6100000,0x00000000d6100000,0x00000000d6280000)
 ParOldGen       total 79872K, used 79626K [0x0000000080000000, 0x0000000084e00000, 0x00000000d5580000)
  object space 79872K, 99% used [0x0000000080000000,0x0000000084dc2860,0x0000000084e00000)
 Metaspace       used 68330K, committed 69824K, reserved 1114112K
  class space    used 7282K, committed 7936K, reserved 1048576K

Card table byte_map: [0x00000159f2410000,0x00000159f2820000] _byte_map_base: 0x00000159f2010000

Marking Bits: (ParMarkBitMap*) 0x00007ff9b4d74460
 Begin Bits: [0x00000159f5f20000, 0x00000159f7f20000)
 End Bits:   [0x00000159f7f20000, 0x00000159f9f20000)

Polling page: 0x00000159f08c0000

Metaspace:

Usage:
  Non-class:     59.62 MB used.
      Class:      7.11 MB used.
       Both:     66.73 MB used.

Virtual space:
  Non-class space:       64.00 MB reserved,      60.44 MB ( 94%) committed,  1 nodes.
      Class space:        1.00 GB reserved,       7.75 MB ( <1%) committed,  1 nodes.
             Both:        1.06 GB reserved,      68.19 MB (  6%) committed. 

Chunk freelists:
   Non-Class:  3.38 MB
       Class:  8.22 MB
        Both:  11.59 MB

MaxMetaspaceSize: unlimited
CompressedClassSpaceSize: 1.00 GB
Initial GC threshold: 21.00 MB
Current GC threshold: 97.31 MB
CDS: on
 - commit_granule_bytes: 65536.
 - commit_granule_words: 8192.
 - virtual_space_node_default_size: 8388608.
 - enlarge_chunks_in_place: 1.
 - use_allocation_guard: 0.


Internal statistics:

num_allocs_failed_limit: 11.
num_arena_births: 1238.
num_arena_deaths: 14.
num_vsnodes_births: 2.
num_vsnodes_deaths: 0.
num_space_committed: 1091.
num_space_uncommitted: 0.
num_chunks_returned_to_freelist: 25.
num_chunks_taken_from_freelist: 4285.
num_chunk_merges: 11.
num_chunk_splits: 2603.
num_chunks_enlarged: 1423.
num_inconsistent_stats: 0.

CodeHeap 'non-profiled nmethods': size=120000Kb used=7479Kb max_used=7479Kb free=112520Kb
 bounds [0x0000015987ad0000, 0x0000015988220000, 0x000001598f000000]
CodeHeap 'profiled nmethods': size=120000Kb used=26300Kb max_used=26300Kb free=93699Kb
 bounds [0x0000015980000000, 0x00000159819b0000, 0x0000015987530000]
CodeHeap 'non-nmethods': size=5760Kb used=1479Kb max_used=1533Kb free=4280Kb
 bounds [0x0000015987530000, 0x00000159877a0000, 0x0000015987ad0000]
CodeCache: size=245760Kb, used=35258Kb, max_used=35312Kb, free=210499Kb
 total_blobs=12425, nmethods=11638, adapters=692, full_count=0
Compilation: enabled, stopped_count=0, restarted_count=0

Compilation events (20 events):
Event: 1811.264 Thread 0x00000159ff010110 12416       3       java.util.concurrent.ScheduledThreadPoolExecutor$ScheduledFutureTask::run (57 bytes)
Event: 1811.274 Thread 0x00000159ff010110 nmethod 12416 0x00000159819aa290 code [0x00000159819aa4c0, 0x00000159819aaa30]
Event: 1838.165 Thread 0x00000159ff010110 12417       3       java.util.concurrent.locks.AbstractQueuedSynchronizer$Node::setStatusRelaxed (12 bytes)
Event: 1838.195 Thread 0x00000159ff010110 nmethod 12417 0x00000159819aac10 code [0x00000159819aada0, 0x00000159819aaeb8]
Event: 2060.806 Thread 0x00000159ff010110 12418   !   3       java.util.logging.LogManager::ensureLogManagerInitialized (144 bytes)
Event: 2060.878 Thread 0x00000159ff010110 nmethod 12418 0x00000159819aaf90 code [0x00000159819ab2a0, 0x00000159819ac3c0]
Event: 2114.470 Thread 0x00000159ff010110 12419       3       sun.security.provider.HashDrbg::addBytes (130 bytes)
Event: 2114.486 Thread 0x00000159ff010110 nmethod 12419 0x00000159819ac990 code [0x00000159819acb60, 0x00000159819acee8]
Event: 2114.544 Thread 0x00000159ff010110 12420       3       org.eclipse.core.internal.resources.ResourceInfo::shareStrings (43 bytes)
Event: 2114.555 Thread 0x00000159ff010110 nmethod 12420 0x00000159819ad110 code [0x00000159819ad2e0, 0x00000159819ad560]
Event: 2114.555 Thread 0x00000159ff010110 12421       3       org.eclipse.core.internal.dtree.AbstractDataTreeNode::storeStrings (42 bytes)
Event: 2114.564 Thread 0x00000159ff010110 nmethod 12421 0x00000159819ad690 code [0x00000159819ad860, 0x00000159819adbd8]
Event: 2114.564 Thread 0x00000159ff010110 12422       1       org.eclipse.core.internal.jobs.InternalJob::setNext (6 bytes)
Event: 2114.567 Thread 0x00000159ff010110 nmethod 12422 0x000001598821d990 code [0x000001598821db20, 0x000001598821dc00]
Event: 2198.458 Thread 0x00000159ff010110 12423       1       org.eclipse.osgi.internal.framework.EquinoxContainer::getStorage (5 bytes)
Event: 2198.482 Thread 0x00000159ff010110 nmethod 12423 0x000001598821dc90 code [0x000001598821de20, 0x000001598821dee8]
Event: 2551.970 Thread 0x00000159ff010110 12424       3       java.util.Optional::get (22 bytes)
Event: 2551.995 Thread 0x00000159ff010110 nmethod 12424 0x00000159819add90 code [0x00000159819adf40, 0x00000159819ae160]
Event: 2581.998 Thread 0x00000159ff010110 12425       3       org.eclipse.jdt.ls.core.internal.ParentProcessWatcher::run (83 bytes)
Event: 2582.089 Thread 0x00000159ff010110 nmethod 12425 0x00000159819ae290 code [0x00000159819ae520, 0x00000159819aefb0]

GC Heap History (20 events):
Event: 68.471 GC heap before
{Heap before GC invocations=102 (full 3):
 PSYoungGen      total 11264K, used 10381K [0x00000000d5580000, 0x00000000d6380000, 0x0000000100000000)
  eden space 10752K, 95% used [0x00000000d5580000,0x00000000d5f837f0,0x00000000d6000000)
  from space 512K, 25% used [0x00000000d6300000,0x00000000d6320000,0x00000000d6380000)
  to   space 512K, 0% used [0x00000000d6280000,0x00000000d6280000,0x00000000d6300000)
 ParOldGen       total 73728K, used 73286K [0x0000000080000000, 0x0000000084800000, 0x00000000d5580000)
  object space 73728K, 99% used [0x0000000080000000,0x0000000084791978,0x0000000084800000)
 Metaspace       used 67228K, committed 68736K, reserved 1114112K
  class space    used 7165K, committed 7808K, reserved 1048576K
}
Event: 68.471 GC heap after
{Heap after GC invocations=102 (full 3):
 PSYoungGen      total 11264K, used 128K [0x00000000d5580000, 0x00000000d6380000, 0x0000000100000000)
  eden space 10752K, 0% used [0x00000000d5580000,0x00000000d5580000,0x00000000d6000000)
  from space 512K, 25% used [0x00000000d6280000,0x00000000d62a0000,0x00000000d6300000)
  to   space 512K, 0% used [0x00000000d6300000,0x00000000d6300000,0x00000000d6380000)
 ParOldGen       total 73728K, used 73326K [0x0000000080000000, 0x0000000084800000, 0x00000000d5580000)
  object space 73728K, 99% used [0x0000000080000000,0x000000008479b978,0x0000000084800000)
 Metaspace       used 67228K, committed 68736K, reserved 1114112K
  class space    used 7165K, committed 7808K, reserved 1048576K
}
Event: 68.883 GC heap before
{Heap before GC invocations=103 (full 3):
 PSYoungGen      total 11264K, used 10880K [0x00000000d5580000, 0x00000000d6380000, 0x0000000100000000)
  eden space 10752K, 100% used [0x00000000d5580000,0x00000000d6000000,0x00000000d6000000)
  from space 512K, 25% used [0x00000000d6280000,0x00000000d62a0000,0x00000000d6300000)
  to   space 512K, 0% used [0x00000000d6300000,0x00000000d6300000,0x00000000d6380000)
 ParOldGen       total 73728K, used 73326K [0x0000000080000000, 0x0000000084800000, 0x00000000d5580000)
  object space 73728K, 99% used [0x0000000080000000,0x000000008479b978,0x0000000084800000)
 Metaspace       used 67235K, committed 68736K, reserved 1114112K
  class space    used 7166K, committed 7808K, reserved 1048576K
}
Event: 68.885 GC heap after
{Heap after GC invocations=103 (full 3):
 PSYoungGen      total 11264K, used 192K [0x00000000d5580000, 0x00000000d6380000, 0x0000000100000000)
  eden space 10752K, 0% used [0x00000000d5580000,0x00000000d5580000,0x00000000d6000000)
  from space 512K, 37% used [0x00000000d6300000,0x00000000d6330000,0x00000000d6380000)
  to   space 512K, 0% used [0x00000000d6280000,0x00000000d6280000,0x00000000d6300000)
 ParOldGen       total 73728K, used 73382K [0x0000000080000000, 0x0000000084800000, 0x00000000d5580000)
  object space 73728K, 99% used [0x0000000080000000,0x00000000847a9978,0x0000000084800000)
 Metaspace       used 67235K, committed 68736K, reserved 1114112K
  class space    used 7166K, committed 7808K, reserved 1048576K
}
Event: 68.967 GC heap before
{Heap before GC invocations=104 (full 3):
 PSYoungGen      total 11264K, used 9958K [0x00000000d5580000, 0x00000000d6380000, 0x0000000100000000)
  eden space 10752K, 90% used [0x00000000d5580000,0x00000000d5f09868,0x00000000d6000000)
  from space 512K, 37% used [0x00000000d6300000,0x00000000d6330000,0x00000000d6380000)
  to   space 512K, 0% used [0x00000000d6280000,0x00000000d6280000,0x00000000d6300000)
 ParOldGen       total 73728K, used 73382K [0x0000000080000000, 0x0000000084800000, 0x00000000d5580000)
  object space 73728K, 99% used [0x0000000080000000,0x00000000847a9978,0x0000000084800000)
 Metaspace       used 67256K, committed 68800K, reserved 1114112K
  class space    used 7166K, committed 7808K, reserved 1048576K
}
Event: 68.969 GC heap after
{Heap after GC invocations=104 (full 3):
 PSYoungGen      total 11264K, used 208K [0x00000000d5580000, 0x00000000d6380000, 0x0000000100000000)
  eden space 10752K, 0% used [0x00000000d5580000,0x00000000d5580000,0x00000000d6000000)
  from space 512K, 40% used [0x00000000d6280000,0x00000000d62b4010,0x00000000d6300000)
  to   space 512K, 0% used [0x00000000d6300000,0x00000000d6300000,0x00000000d6380000)
 ParOldGen       total 73728K, used 73492K [0x0000000080000000, 0x0000000084800000, 0x00000000d5580000)
  object space 73728K, 99% used [0x0000000080000000,0x00000000847c5350,0x0000000084800000)
 Metaspace       used 67256K, committed 68800K, reserved 1114112K
  class space    used 7166K, committed 7808K, reserved 1048576K
}
Event: 69.450 GC heap before
{Heap before GC invocations=105 (full 3):
 PSYoungGen      total 11264K, used 10941K [0x00000000d5580000, 0x00000000d6380000, 0x0000000100000000)
  eden space 10752K, 99% used [0x00000000d5580000,0x00000000d5ffb5e0,0x00000000d6000000)
  from space 512K, 40% used [0x00000000d6280000,0x00000000d62b4010,0x00000000d6300000)
  to   space 512K, 0% used [0x00000000d6300000,0x00000000d6300000,0x00000000d6380000)
 ParOldGen       total 73728K, used 73492K [0x0000000080000000, 0x0000000084800000, 0x00000000d5580000)
  object space 73728K, 99% used [0x0000000080000000,0x00000000847c5350,0x0000000084800000)
 Metaspace       used 67289K, committed 68800K, reserved 1114112K
  class space    used 7166K, committed 7808K, reserved 1048576K
}
Event: 69.452 GC heap after
{Heap after GC invocations=105 (full 3):
 PSYoungGen      total 11264K, used 320K [0x00000000d5580000, 0x00000000d6380000, 0x0000000100000000)
  eden space 10752K, 0% used [0x00000000d5580000,0x00000000d5580000,0x00000000d6000000)
  from space 512K, 62% used [0x00000000d6300000,0x00000000d6350000,0x00000000d6380000)
  to   space 512K, 0% used [0x00000000d6280000,0x00000000d6280000,0x00000000d6300000)
 ParOldGen       total 73728K, used 73616K [0x0000000080000000, 0x0000000084800000, 0x00000000d5580000)
  object space 73728K, 99% used [0x0000000080000000,0x00000000847e4370,0x0000000084800000)
 Metaspace       used 67289K, committed 68800K, reserved 1114112K
  class space    used 7166K, committed 7808K, reserved 1048576K
}
Event: 69.774 GC heap before
{Heap before GC invocations=106 (full 3):
 PSYoungGen      total 11264K, used 11072K [0x00000000d5580000, 0x00000000d6380000, 0x0000000100000000)
  eden space 10752K, 100% used [0x00000000d5580000,0x00000000d6000000,0x00000000d6000000)
  from space 512K, 62% used [0x00000000d6300000,0x00000000d6350000,0x00000000d6380000)
  to   space 512K, 0% used [0x00000000d6280000,0x00000000d6280000,0x00000000d6300000)
 ParOldGen       total 73728K, used 73616K [0x0000000080000000, 0x0000000084800000, 0x00000000d5580000)
  object space 73728K, 99% used [0x0000000080000000,0x00000000847e4370,0x0000000084800000)
 Metaspace       used 67321K, committed 68800K, reserved 1114112K
  class space    used 7172K, committed 7808K, reserved 1048576K
}
Event: 69.776 GC heap after
{Heap after GC invocations=106 (full 3):
 PSYoungGen      total 11264K, used 128K [0x00000000d5580000, 0x00000000d6380000, 0x0000000100000000)
  eden space 10752K, 0% used [0x00000000d5580000,0x00000000d5580000,0x00000000d6000000)
  from space 512K, 25% used [0x00000000d6280000,0x00000000d62a0000,0x00000000d6300000)
  to   space 512K, 0% used [0x00000000d6300000,0x00000000d6300000,0x00000000d6380000)
 ParOldGen       total 74240K, used 73792K [0x0000000080000000, 0x0000000084880000, 0x00000000d5580000)
  object space 74240K, 99% used [0x0000000080000000,0x0000000084810370,0x0000000084880000)
 Metaspace       used 67321K, committed 68800K, reserved 1114112K
  class space    used 7172K, committed 7808K, reserved 1048576K
}
Event: 76.479 GC heap before
{Heap before GC invocations=107 (full 3):
 PSYoungGen      total 11264K, used 10880K [0x00000000d5580000, 0x00000000d6380000, 0x0000000100000000)
  eden space 10752K, 100% used [0x00000000d5580000,0x00000000d6000000,0x00000000d6000000)
  from space 512K, 25% used [0x00000000d6280000,0x00000000d62a0000,0x00000000d6300000)
  to   space 512K, 0% used [0x00000000d6300000,0x00000000d6300000,0x00000000d6380000)
 ParOldGen       total 74240K, used 73792K [0x0000000080000000, 0x0000000084880000, 0x00000000d5580000)
  object space 74240K, 99% used [0x0000000080000000,0x0000000084810370,0x0000000084880000)
 Metaspace       used 67816K, committed 69312K, reserved 1114112K
  class space    used 7226K, committed 7872K, reserved 1048576K
}
Event: 76.485 GC heap after
{Heap after GC invocations=107 (full 3):
 PSYoungGen      total 11264K, used 491K [0x00000000d5580000, 0x00000000d6380000, 0x0000000100000000)
  eden space 10752K, 0% used [0x00000000d5580000,0x00000000d5580000,0x00000000d6000000)
  from space 512K, 95% used [0x00000000d6300000,0x00000000d637ac88,0x00000000d6380000)
  to   space 1536K, 0% used [0x00000000d6080000,0x00000000d6080000,0x00000000d6200000)
 ParOldGen       total 74752K, used 74298K [0x0000000080000000, 0x0000000084900000, 0x00000000d5580000)
  object space 74752K, 99% used [0x0000000080000000,0x000000008488ea08,0x0000000084900000)
 Metaspace       used 67816K, committed 69312K, reserved 1114112K
  class space    used 7226K, committed 7872K, reserved 1048576K
}
Event: 76.634 GC heap before
{Heap before GC invocations=108 (full 3):
 PSYoungGen      total 11264K, used 11243K [0x00000000d5580000, 0x00000000d6380000, 0x0000000100000000)
  eden space 10752K, 100% used [0x00000000d5580000,0x00000000d6000000,0x00000000d6000000)
  from space 512K, 95% used [0x00000000d6300000,0x00000000d637ac88,0x00000000d6380000)
  to   space 1536K, 0% used [0x00000000d6080000,0x00000000d6080000,0x00000000d6200000)
 ParOldGen       total 74752K, used 74298K [0x0000000080000000, 0x0000000084900000, 0x00000000d5580000)
  object space 74752K, 99% used [0x0000000080000000,0x000000008488ea08,0x0000000084900000)
 Metaspace       used 67820K, committed 69312K, reserved 1114112K
  class space    used 7227K, committed 7872K, reserved 1048576K
}
Event: 76.638 GC heap after
{Heap after GC invocations=108 (full 3):
 PSYoungGen      total 12288K, used 1522K [0x00000000d5580000, 0x00000000d6900000, 0x0000000100000000)
  eden space 10752K, 0% used [0x00000000d5580000,0x00000000d5580000,0x00000000d6000000)
  from space 1536K, 99% used [0x00000000d6080000,0x00000000d61fcac0,0x00000000d6200000)
  to   space 4608K, 0% used [0x00000000d6480000,0x00000000d6480000,0x00000000d6900000)
 ParOldGen       total 76800K, used 76727K [0x0000000080000000, 0x0000000084b00000, 0x00000000d5580000)
  object space 76800K, 99% used [0x0000000080000000,0x0000000084aedd88,0x0000000084b00000)
 Metaspace       used 67820K, committed 69312K, reserved 1114112K
  class space    used 7227K, committed 7872K, reserved 1048576K
}
Event: 76.993 GC heap before
{Heap before GC invocations=109 (full 3):
 PSYoungGen      total 12288K, used 12274K [0x00000000d5580000, 0x00000000d6900000, 0x0000000100000000)
  eden space 10752K, 100% used [0x00000000d5580000,0x00000000d6000000,0x00000000d6000000)
  from space 1536K, 99% used [0x00000000d6080000,0x00000000d61fcac0,0x00000000d6200000)
  to   space 4608K, 0% used [0x00000000d6480000,0x00000000d6480000,0x00000000d6900000)
 ParOldGen       total 76800K, used 76727K [0x0000000080000000, 0x0000000084b00000, 0x00000000d5580000)
  object space 76800K, 99% used [0x0000000080000000,0x0000000084aedd88,0x0000000084b00000)
 Metaspace       used 67930K, committed 69504K, reserved 1114112K
  class space    used 7256K, committed 7936K, reserved 1048576K
}
Event: 77.002 GC heap after
{Heap after GC invocations=109 (full 3):
 PSYoungGen      total 14848K, used 3630K [0x00000000d5580000, 0x00000000d6880000, 0x0000000100000000)
  eden space 10752K, 0% used [0x00000000d5580000,0x00000000d5580000,0x00000000d6000000)
  from space 4096K, 88% used [0x00000000d6480000,0x00000000d680ba80,0x00000000d6880000)
  to   space 4096K, 0% used [0x00000000d6080000,0x00000000d6080000,0x00000000d6480000)
 ParOldGen       total 78848K, used 78243K [0x0000000080000000, 0x0000000084d00000, 0x00000000d5580000)
  object space 78848K, 99% used [0x0000000080000000,0x0000000084c68dc0,0x0000000084d00000)
 Metaspace       used 67930K, committed 69504K, reserved 1114112K
  class space    used 7256K, committed 7936K, reserved 1048576K
}
Event: 773.545 GC heap before
{Heap before GC invocations=110 (full 3):
 PSYoungGen      total 14848K, used 14349K [0x00000000d5580000, 0x00000000d6880000, 0x0000000100000000)
  eden space 10752K, 99% used [0x00000000d5580000,0x00000000d5ff7d30,0x00000000d6000000)
  from space 4096K, 88% used [0x00000000d6480000,0x00000000d680ba80,0x00000000d6880000)
  to   space 4096K, 0% used [0x00000000d6080000,0x00000000d6080000,0x00000000d6480000)
 ParOldGen       total 78848K, used 78243K [0x0000000080000000, 0x0000000084d00000, 0x00000000d5580000)
  object space 78848K, 99% used [0x0000000080000000,0x0000000084c68dc0,0x0000000084d00000)
 Metaspace       used 68265K, committed 69760K, reserved 1114112K
  class space    used 7282K, committed 7936K, reserved 1048576K
}
Event: 773.669 GC heap after
{Heap after GC invocations=110 (full 3):
 PSYoungGen      total 13824K, used 2995K [0x00000000d5580000, 0x00000000d6700000, 0x0000000100000000)
  eden space 10752K, 0% used [0x00000000d5580000,0x00000000d5580000,0x00000000d6000000)
  from space 3072K, 97% used [0x00000000d6080000,0x00000000d636ce98,0x00000000d6380000)
  to   space 3584K, 0% used [0x00000000d6380000,0x00000000d6380000,0x00000000d6700000)
 ParOldGen       total 79360K, used 78899K [0x0000000080000000, 0x0000000084d80000, 0x00000000d5580000)
  object space 79360K, 99% used [0x0000000080000000,0x0000000084d0cdd0,0x0000000084d80000)
 Metaspace       used 68265K, committed 69760K, reserved 1114112K
  class space    used 7282K, committed 7936K, reserved 1048576K
}
Event: 823.049 GC heap before
{Heap before GC invocations=111 (full 3):
 PSYoungGen      total 13824K, used 13747K [0x00000000d5580000, 0x00000000d6700000, 0x0000000100000000)
  eden space 10752K, 100% used [0x00000000d5580000,0x00000000d6000000,0x00000000d6000000)
  from space 3072K, 97% used [0x00000000d6080000,0x00000000d636ce98,0x00000000d6380000)
  to   space 3584K, 0% used [0x00000000d6380000,0x00000000d6380000,0x00000000d6700000)
 ParOldGen       total 79360K, used 78899K [0x0000000080000000, 0x0000000084d80000, 0x00000000d5580000)
  object space 79360K, 99% used [0x0000000080000000,0x0000000084d0cdd0,0x0000000084d80000)
 Metaspace       used 68296K, committed 69760K, reserved 1114112K
  class space    used 7282K, committed 7936K, reserved 1048576K
}
Event: 823.115 GC heap after
{Heap after GC invocations=111 (full 3):
 PSYoungGen      total 11264K, used 160K [0x00000000d5580000, 0x00000000d6400000, 0x0000000100000000)
  eden space 10752K, 0% used [0x00000000d5580000,0x00000000d5580000,0x00000000d6000000)
  from space 512K, 31% used [0x00000000d6380000,0x00000000d63a8000,0x00000000d6400000)
  to   space 1536K, 0% used [0x00000000d6100000,0x00000000d6100000,0x00000000d6280000)
 ParOldGen       total 79872K, used 79626K [0x0000000080000000, 0x0000000084e00000, 0x00000000d5580000)
  object space 79872K, 99% used [0x0000000080000000,0x0000000084dc2860,0x0000000084e00000)
 Metaspace       used 68296K, committed 69760K, reserved 1114112K
  class space    used 7282K, committed 7936K, reserved 1048576K
}

Dll operation events (12 events):
Event: 0.048 Loaded shared library c:\Users\Indhu\.vscode\extensions\redhat.java-1.55.0-win32-x64\jre\21.0.11-win32-x86_64\bin\java.dll
Event: 1.344 Loaded shared library c:\Users\Indhu\.vscode\extensions\redhat.java-1.55.0-win32-x64\jre\21.0.11-win32-x86_64\bin\zip.dll
Event: 1.400 Loaded shared library C:\Users\Indhu\.vscode\extensions\redhat.java-1.55.0-win32-x64\jre\21.0.11-win32-x86_64\bin\instrument.dll
Event: 1.413 Loaded shared library C:\Users\Indhu\.vscode\extensions\redhat.java-1.55.0-win32-x64\jre\21.0.11-win32-x86_64\bin\net.dll
Event: 1.419 Loaded shared library C:\Users\Indhu\.vscode\extensions\redhat.java-1.55.0-win32-x64\jre\21.0.11-win32-x86_64\bin\nio.dll
Event: 1.425 Loaded shared library C:\Users\Indhu\.vscode\extensions\redhat.java-1.55.0-win32-x64\jre\21.0.11-win32-x86_64\bin\zip.dll
Event: 1.616 Loaded shared library C:\Users\Indhu\.vscode\extensions\redhat.java-1.55.0-win32-x64\jre\21.0.11-win32-x86_64\bin\jimage.dll
Event: 2.124 Loaded shared library c:\Users\Indhu\.vscode\extensions\redhat.java-1.55.0-win32-x64\jre\21.0.11-win32-x86_64\bin\verify.dll
Event: 6.710 Loaded shared library C:\Users\Indhu\AppData\Roaming\Code\User\globalStorage\redhat.java\1.55.0\config_win\org.eclipse.equinox.launcher\org.eclipse.equinox.launcher.win32.win32.x86_64_1.3.100.v20260613-0559\eclipse_11924.dll
Event: 13.336 Loaded shared library C:\Users\Indhu\AppData\Local\Temp\jna-70793484\jna15806679196810890053.dll
Event: 20.255 Loaded shared library C:\Users\Indhu\.vscode\extensions\redhat.java-1.55.0-win32-x64\jre\21.0.11-win32-x86_64\bin\sunmscapi.dll
Event: 20.938 Loaded shared library C:\Users\Indhu\.vscode\extensions\redhat.java-1.55.0-win32-x64\jre\21.0.11-win32-x86_64\bin\extnet.dll

Deoptimization events (20 events):
Event: 77.341 Thread 0x00000159d0e173d0 Uncommon trap: trap_request=0xfffffff4 fr.pc=0x00000159880ff468 relative=0x0000000000001fe8
Event: 77.341 Thread 0x00000159d0e173d0 Uncommon trap: reason=null_check action=make_not_entrant pc=0x00000159880ff468 method=org.eclipse.jdt.internal.core.JavaModelCache.getInfo(Lorg/eclipse/jdt/core/IJavaElement;)Lorg/eclipse/jdt/internal/compiler/env/IElementInfo; @ 152 c2
Event: 77.341 Thread 0x00000159d0e173d0 DEOPT PACKING pc=0x00000159880ff468 sp=0x00000047986fded0
Event: 77.341 Thread 0x00000159d0e173d0 DEOPT UNPACKING pc=0x0000015987586da2 sp=0x00000047986fdea8 mode 2
Event: 773.294 Thread 0x00000159ff4534e0 Uncommon trap: trap_request=0xffffffd6 fr.pc=0x00000159881b8a94 relative=0x0000000000005654
Event: 773.296 Thread 0x00000159ff4534e0 Uncommon trap: reason=array_check action=maybe_recompile pc=0x00000159881b8a94 method=org.eclipse.jdt.internal.compiler.classfmt.ModuleInfo.readModuleAttribute(I)V @ 1029 c2
Event: 773.296 Thread 0x00000159ff4534e0 DEOPT PACKING pc=0x00000159881b8a94 sp=0x00000047957fdef0
Event: 773.299 Thread 0x00000159ff4534e0 DEOPT UNPACKING pc=0x0000015987586da2 sp=0x00000047957fde68 mode 2
Event: 773.307 Thread 0x00000159ff4534e0 Uncommon trap: trap_request=0xffffffd6 fr.pc=0x00000159881b8a94 relative=0x0000000000005654
Event: 773.307 Thread 0x00000159ff4534e0 Uncommon trap: reason=array_check action=maybe_recompile pc=0x00000159881b8a94 method=org.eclipse.jdt.internal.compiler.classfmt.ModuleInfo.readModuleAttribute(I)V @ 1029 c2
Event: 773.307 Thread 0x00000159ff4534e0 DEOPT PACKING pc=0x00000159881b8a94 sp=0x00000047957fdef0
Event: 773.307 Thread 0x00000159ff4534e0 DEOPT UNPACKING pc=0x0000015987586da2 sp=0x00000047957fde68 mode 2
Event: 773.310 Thread 0x00000159ff4534e0 Uncommon trap: trap_request=0xffffffd6 fr.pc=0x00000159881b8a94 relative=0x0000000000005654
Event: 773.310 Thread 0x00000159ff4534e0 Uncommon trap: reason=array_check action=maybe_recompile pc=0x00000159881b8a94 method=org.eclipse.jdt.internal.compiler.classfmt.ModuleInfo.readModuleAttribute(I)V @ 1029 c2
Event: 773.310 Thread 0x00000159ff4534e0 DEOPT PACKING pc=0x00000159881b8a94 sp=0x00000047957fdef0
Event: 773.310 Thread 0x00000159ff4534e0 DEOPT UNPACKING pc=0x0000015987586da2 sp=0x00000047957fde68 mode 2
Event: 773.311 Thread 0x00000159ff4534e0 Uncommon trap: trap_request=0xffffffd6 fr.pc=0x00000159881b8a94 relative=0x0000000000005654
Event: 773.311 Thread 0x00000159ff4534e0 Uncommon trap: reason=array_check action=maybe_recompile pc=0x00000159881b8a94 method=org.eclipse.jdt.internal.compiler.classfmt.ModuleInfo.readModuleAttribute(I)V @ 1029 c2
Event: 773.311 Thread 0x00000159ff4534e0 DEOPT PACKING pc=0x00000159881b8a94 sp=0x00000047957fdef0
Event: 773.311 Thread 0x00000159ff4534e0 DEOPT UNPACKING pc=0x0000015987586da2 sp=0x00000047957fde68 mode 2

Classes loaded (20 events):
Event: 55.872 Loading class java/util/stream/Node$Builder$OfInt done
Event: 55.872 Loading class java/util/stream/Nodes$IntArrayNode
Event: 55.872 Loading class java/util/stream/Nodes$IntArrayNode done
Event: 55.873 Loading class java/util/stream/Nodes$IntFixedNodeBuilder done
Event: 55.873 Loading class java/util/stream/ReferencePipeline$4$1
Event: 55.873 Loading class java/util/stream/ReferencePipeline$4$1 done
Event: 55.975 Loading class java/lang/StringLatin1$LinesSpliterator
Event: 55.976 Loading class java/lang/StringLatin1$LinesSpliterator done
Event: 65.795 Loading class java/util/stream/ReduceOps$4
Event: 65.796 Loading class java/util/stream/ReduceOps$4 done
Event: 65.796 Loading class java/util/stream/ReduceOps$4ReducingSink
Event: 65.796 Loading class java/util/stream/ReduceOps$4ReducingSink done
Event: 76.979 Loading class java/util/stream/DistinctOps
Event: 76.980 Loading class java/util/stream/DistinctOps done
Event: 76.980 Loading class java/util/stream/DistinctOps$1
Event: 76.980 Loading class java/util/stream/DistinctOps$1 done
Event: 76.984 Loading class java/util/stream/DistinctOps$1$2
Event: 76.986 Loading class java/util/stream/DistinctOps$1$2 done
Event: 77.026 Loading class java/nio/file/Files$2
Event: 77.027 Loading class java/nio/file/Files$2 done

Classes unloaded (7 events):
Event: 14.927 Thread 0x00000159f2980690 Unloading class 0x00000159901a5000 'java/lang/invoke/LambdaForm$MH+0x00000159901a5000'
Event: 14.927 Thread 0x00000159f2980690 Unloading class 0x00000159901a4c00 'java/lang/invoke/LambdaForm$MH+0x00000159901a4c00'
Event: 14.927 Thread 0x00000159f2980690 Unloading class 0x00000159901a4800 'java/lang/invoke/LambdaForm$MH+0x00000159901a4800'
Event: 14.927 Thread 0x00000159f2980690 Unloading class 0x00000159901a4400 'java/lang/invoke/LambdaForm$MH+0x00000159901a4400'
Event: 14.927 Thread 0x00000159f2980690 Unloading class 0x00000159901a4000 'java/lang/invoke/LambdaForm$BMH+0x00000159901a4000'
Event: 14.927 Thread 0x00000159f2980690 Unloading class 0x00000159901a3c00 'java/lang/invoke/LambdaForm$DMH+0x00000159901a3c00'
Event: 14.927 Thread 0x00000159f2980690 Unloading class 0x00000159901a2800 'java/lang/invoke/LambdaForm$DMH+0x00000159901a2800'

Classes redefined (0 events):
No events

Internal exceptions (20 events):
Event: 68.308 Thread 0x00000159d0e173d0 Exception <a 'sun/nio/fs/WindowsException'{0x00000000d5b4dd68}> (0x00000000d5b4dd68) 
thrown [s\src\hotspot\share\prims\jni.cpp, line 520]
Event: 68.370 Thread 0x00000159d0e173d0 Exception <a 'sun/nio/fs/WindowsException'{0x00000000d5e9e920}> (0x00000000d5e9e920) 
thrown [s\src\hotspot\share\prims\jni.cpp, line 520]
Event: 68.371 Thread 0x00000159d0e173d0 Exception <a 'sun/nio/fs/WindowsException'{0x00000000d5e9f220}> (0x00000000d5e9f220) 
thrown [s\src\hotspot\share\prims\jni.cpp, line 520]
Event: 68.494 Thread 0x00000159d0e173d0 Exception <a 'sun/nio/fs/WindowsException'{0x00000000d5759908}> (0x00000000d5759908) 
thrown [s\src\hotspot\share\prims\jni.cpp, line 520]
Event: 68.494 Thread 0x00000159d0e173d0 Exception <a 'sun/nio/fs/WindowsException'{0x00000000d575a208}> (0x00000000d575a208) 
thrown [s\src\hotspot\share\prims\jni.cpp, line 520]
Event: 68.609 Thread 0x00000159d0e173d0 Exception <a 'sun/nio/fs/WindowsException'{0x00000000d5c2cba0}> (0x00000000d5c2cba0) 
thrown [s\src\hotspot\share\prims\jni.cpp, line 520]
Event: 68.609 Thread 0x00000159d0e173d0 Exception <a 'sun/nio/fs/WindowsException'{0x00000000d5c2d4a0}> (0x00000000d5c2d4a0) 
thrown [s\src\hotspot\share\prims\jni.cpp, line 520]
Event: 68.776 Thread 0x00000159d0e173d0 Exception <a 'sun/nio/fs/WindowsException'{0x00000000d5f717c0}> (0x00000000d5f717c0) 
thrown [s\src\hotspot\share\prims\jni.cpp, line 520]
Event: 68.776 Thread 0x00000159d0e173d0 Exception <a 'sun/nio/fs/WindowsException'{0x00000000d5f720c0}> (0x00000000d5f720c0) 
thrown [s\src\hotspot\share\prims\jni.cpp, line 520]
Event: 68.875 Thread 0x00000159d0e173d0 Implicit null exception at 0x00000159880f889f to 0x00000159880f9a40
Event: 69.179 Thread 0x00000159d0e173d0 Exception <a 'sun/nio/fs/WindowsException'{0x00000000d5cd1b98}> (0x00000000d5cd1b98) 
thrown [s\src\hotspot\share\prims\jni.cpp, line 520]
Event: 69.179 Thread 0x00000159d0e173d0 Exception <a 'sun/nio/fs/WindowsException'{0x00000000d5cd2498}> (0x00000000d5cd2498) 
thrown [s\src\hotspot\share\prims\jni.cpp, line 520]
Event: 69.813 Thread 0x00000159d0e173d0 Exception <a 'sun/nio/fs/WindowsException'{0x00000000d5895a18}> (0x00000000d5895a18) 
thrown [s\src\hotspot\share\prims\jni.cpp, line 520]
Event: 69.813 Thread 0x00000159d0e173d0 Exception <a 'sun/nio/fs/WindowsException'{0x00000000d5896318}> (0x00000000d5896318) 
thrown [s\src\hotspot\share\prims\jni.cpp, line 520]
Event: 75.888 Thread 0x00000159ff6ee850 Exception <a 'sun/nio/fs/WindowsException'{0x00000000d59f2f58}> (0x00000000d59f2f58) 
thrown [s\src\hotspot\share\prims\jni.cpp, line 520]
Event: 75.888 Thread 0x00000159ff6ee850 Exception <a 'sun/nio/fs/WindowsException'{0x00000000d59f35a8}> (0x00000000d59f35a8) 
thrown [s\src\hotspot\share\prims\jni.cpp, line 520]
Event: 75.892 Thread 0x00000159ff6ee850 Exception <a 'sun/nio/fs/WindowsException'{0x00000000d5a09c28}> (0x00000000d5a09c28) 
thrown [s\src\hotspot\share\prims\jni.cpp, line 520]
Event: 75.892 Thread 0x00000159ff6ee850 Exception <a 'sun/nio/fs/WindowsException'{0x00000000d5a0a278}> (0x00000000d5a0a278) 
thrown [s\src\hotspot\share\prims\jni.cpp, line 520]
Event: 77.341 Thread 0x00000159d0e173d0 Implicit null exception at 0x00000159880fe473 to 0x00000159880ff458
Event: 823.340 Thread 0x00000159ff6f1640 Exception <a 'java/lang/IncompatibleClassChangeError'{0x00000000d5585ed0}: Found class java.lang.Object, but interface was expected> (0x00000000d5585ed0) 
thrown [s\src\hotspot\share\interpreter\linkResolver.cpp, line 840]

ZGC Phase Switch (0 events):
No events

VM Operations (20 events):
Event: 2224.323 Executing non-safepoint VM operation: HandshakeAllThreads (HandshakeForDeflation)
Event: 2224.326 Executing non-safepoint VM operation: HandshakeAllThreads (HandshakeForDeflation) done
Event: 2224.326 Executing non-safepoint VM operation: RendezvousGCThreads
Event: 2224.326 Executing non-safepoint VM operation: RendezvousGCThreads done
Event: 2344.612 Executing non-safepoint VM operation: HandshakeAllThreads (HandshakeForDeflation)
Event: 2344.617 Executing non-safepoint VM operation: HandshakeAllThreads (HandshakeForDeflation) done
Event: 2344.617 Executing non-safepoint VM operation: RendezvousGCThreads
Event: 2344.618 Executing non-safepoint VM operation: RendezvousGCThreads done
Event: 2404.667 Executing non-safepoint VM operation: HandshakeAllThreads (HandshakeForDeflation)
Event: 2404.671 Executing non-safepoint VM operation: HandshakeAllThreads (HandshakeForDeflation) done
Event: 2404.672 Executing non-safepoint VM operation: RendezvousGCThreads
Event: 2404.672 Executing non-safepoint VM operation: RendezvousGCThreads done
Event: 2464.898 Executing non-safepoint VM operation: HandshakeAllThreads (HandshakeForDeflation)
Event: 2464.898 Executing non-safepoint VM operation: HandshakeAllThreads (HandshakeForDeflation) done
Event: 2464.898 Executing non-safepoint VM operation: RendezvousGCThreads
Event: 2464.899 Executing non-safepoint VM operation: RendezvousGCThreads done
Event: 2585.278 Executing non-safepoint VM operation: HandshakeAllThreads (HandshakeForDeflation)
Event: 2585.281 Executing non-safepoint VM operation: HandshakeAllThreads (HandshakeForDeflation) done
Event: 2585.281 Executing non-safepoint VM operation: RendezvousGCThreads
Event: 2585.282 Executing non-safepoint VM operation: RendezvousGCThreads done

Memory protections (0 events):
No events

Nmethod flushes (20 events):
Event: 49.230 Thread 0x00000159f2980690 flushing  nmethod 0x0000015980920990
Event: 49.230 Thread 0x00000159f2980690 flushing osr nmethod 0x0000015980942b10
Event: 49.230 Thread 0x00000159f2980690 flushing  nmethod 0x0000015980947410
Event: 49.230 Thread 0x00000159f2980690 flushing  nmethod 0x0000015980947890
Event: 49.230 Thread 0x00000159f2980690 flushing  nmethod 0x0000015980947e10
Event: 49.230 Thread 0x00000159f2980690 flushing  nmethod 0x0000015980948390
Event: 49.230 Thread 0x00000159f2980690 flushing  nmethod 0x0000015980949310
Event: 49.230 Thread 0x00000159f2980690 flushing  nmethod 0x0000015980949910
Event: 49.230 Thread 0x00000159f2980690 flushing  nmethod 0x0000015980949c90
Event: 49.230 Thread 0x00000159f2980690 flushing  nmethod 0x000001598094a190
Event: 49.230 Thread 0x00000159f2980690 flushing  nmethod 0x000001598094ad10
Event: 49.230 Thread 0x00000159f2980690 flushing  nmethod 0x000001598094b210
Event: 49.230 Thread 0x00000159f2980690 flushing  nmethod 0x0000015980950010
Event: 49.230 Thread 0x00000159f2980690 flushing  nmethod 0x0000015980976b90
Event: 49.230 Thread 0x00000159f2980690 flushing  nmethod 0x0000015980977090
Event: 49.230 Thread 0x00000159f2980690 flushing  nmethod 0x0000015980977610
Event: 49.230 Thread 0x00000159f2980690 flushing  nmethod 0x0000015980983210
Event: 49.230 Thread 0x00000159f2980690 flushing  nmethod 0x0000015980984a10
Event: 49.230 Thread 0x00000159f2980690 flushing  nmethod 0x0000015980985e10
Event: 49.230 Thread 0x00000159f2980690 flushing  nmethod 0x0000015980986410

Events (20 events):
Event: 69.447 Thread 0x00000159ff4534e0 Thread exited: 0x00000159ff4534e0
Event: 69.467 Thread 0x00000159d0e173d0 Thread added: 0x00000159ff4534e0
Event: 69.469 Thread 0x00000159ff4534e0 Thread exited: 0x00000159ff4534e0
Event: 69.489 Thread 0x00000159d0e173d0 Thread added: 0x00000159ff454200
Event: 69.493 Thread 0x00000159ff454200 Thread exited: 0x00000159ff454200
Event: 69.506 Thread 0x00000159d0e173d0 Thread added: 0x00000159ff450d80
Event: 69.511 Thread 0x00000159ff450d80 Thread exited: 0x00000159ff450d80
Event: 119.081 Thread 0x00000159ff6edb30 Thread exited: 0x00000159ff6edb30
Event: 135.963 Thread 0x00000159ff6ec780 Thread exited: 0x00000159ff6ec780
Event: 136.248 Thread 0x00000159ff6ee850 Thread exited: 0x00000159ff6ee850
Event: 137.523 Thread 0x00000159d0e173d0 Thread exited: 0x00000159d0e173d0
Event: 197.538 Thread 0x00000159d0e145e0 Thread exited: 0x00000159d0e145e0
Event: 257.545 Thread 0x00000159d0e16020 Thread exited: 0x00000159d0e16020
Event: 376.388 Thread 0x00000159d0e17a60 Thread exited: 0x00000159d0e17a60
Event: 676.383 Thread 0x00000159d0e15990 Thread exited: 0x00000159d0e15990
Event: 772.512 Thread 0x00000159ff6f1640 Thread added: 0x00000159ff4534e0
Event: 773.145 Thread 0x00000159ff4534e0 Thread added: 0x00000159ff454200
Event: 835.108 Thread 0x00000159ff4534e0 Thread exited: 0x00000159ff4534e0
Event: 895.115 Thread 0x00000159ff454200 Thread exited: 0x00000159ff454200
Event: 1073.185 Thread 0x00000159d0e15300 Thread exited: 0x00000159d0e15300


Dynamic libraries:
0x00007ff611930000 - 0x00007ff61193e000 	c:\Users\Indhu\.vscode\extensions\redhat.java-1.55.0-win32-x64\jre\21.0.11-win32-x86_64\bin\java.exe
0x00007ffa18140000 - 0x00007ffa183a6000 	C:\WINDOWS\SYSTEM32\ntdll.dll
0x00007ffa0adf0000 - 0x00007ffa0ae11000 	C:\Program Files\Avast Software\Avast\aswhook.dll
0x00007ffa16e30000 - 0x00007ffa16ef9000 	C:\WINDOWS\System32\KERNEL32.DLL
0x00007ffa154d0000 - 0x00007ffa158d0000 	C:\WINDOWS\System32\KERNELBASE.dll
0x00007ffa15be0000 - 0x00007ffa15d2c000 	C:\WINDOWS\System32\ucrtbase.dll
0x00007ffa0bc00000 - 0x00007ffa0bc18000 	c:\Users\Indhu\.vscode\extensions\redhat.java-1.55.0-win32-x64\jre\21.0.11-win32-x86_64\bin\jli.dll
0x00007ffa17e40000 - 0x00007ffa18007000 	C:\WINDOWS\System32\USER32.dll
0x00007ffa154a0000 - 0x00007ffa154c7000 	C:\WINDOWS\System32\win32u.dll
0x00007ffa16e00000 - 0x00007ffa16e2b000 	C:\WINDOWS\System32\GDI32.dll
0x00007ffa15d40000 - 0x00007ffa15e69000 	C:\WINDOWS\System32\gdi32full.dll
0x00007ffa15360000 - 0x00007ffa15403000 	C:\WINDOWS\System32\msvcp_win.dll
0x00007ffa0bbe0000 - 0x00007ffa0bbfe000 	c:\Users\Indhu\.vscode\extensions\redhat.java-1.55.0-win32-x64\jre\21.0.11-win32-x86_64\bin\VCRUNTIME140.dll
0x00007ff9fcde0000 - 0x00007ff9fd072000 	C:\WINDOWS\WinSxS\amd64_microsoft.windows.common-controls_6595b64144ccf1df_6.0.26100.8737_none_3e092eaee333b772\COMCTL32.dll
0x00007ffa161a0000 - 0x00007ffa16249000 	C:\WINDOWS\System32\msvcrt.dll
0x00007ffa17ce0000 - 0x00007ffa17d12000 	C:\WINDOWS\System32\IMM32.DLL
0x00007ffa0bee0000 - 0x00007ffa0beec000 	c:\Users\Indhu\.vscode\extensions\redhat.java-1.55.0-win32-x64\jre\21.0.11-win32-x86_64\bin\vcruntime140_1.dll
0x00007ff9b7da0000 - 0x00007ff9b7e2d000 	c:\Users\Indhu\.vscode\extensions\redhat.java-1.55.0-win32-x64\jre\21.0.11-win32-x86_64\bin\msvcp140.dll
0x00007ff9b40b0000 - 0x00007ff9b4e52000 	c:\Users\Indhu\.vscode\extensions\redhat.java-1.55.0-win32-x64\jre\21.0.11-win32-x86_64\bin\server\jvm.dll
0x00007ffa18010000 - 0x00007ffa180c7000 	C:\WINDOWS\System32\ADVAPI32.dll
0x00007ffa16280000 - 0x00007ffa1632a000 	C:\WINDOWS\System32\sechost.dll
0x00007ffa16c80000 - 0x00007ffa16d98000 	C:\WINDOWS\System32\RPCRT4.dll
0x00007ffa17d20000 - 0x00007ffa17da0000 	C:\WINDOWS\System32\WS2_32.dll
0x00007ffa151e0000 - 0x00007ffa1523e000 	C:\WINDOWS\SYSTEM32\POWRPROF.dll
0x00007ffa07650000 - 0x00007ffa07686000 	C:\WINDOWS\SYSTEM32\WINMM.dll
0x00007ffa0b240000 - 0x00007ffa0b24b000 	C:\WINDOWS\SYSTEM32\VERSION.dll
0x00007ffa151c0000 - 0x00007ffa151d4000 	C:\WINDOWS\SYSTEM32\UMPDC.dll
0x00007ffa14040000 - 0x00007ffa1405b000 	C:\WINDOWS\SYSTEM32\kernel.appcore.dll
0x00007ffa0be80000 - 0x00007ffa0be8a000 	c:\Users\Indhu\.vscode\extensions\redhat.java-1.55.0-win32-x64\jre\21.0.11-win32-x86_64\bin\jimage.dll
0x00007ffa12af0000 - 0x00007ffa12d32000 	C:\WINDOWS\SYSTEM32\DBGHELP.DLL
0x00007ffa174c0000 - 0x00007ffa17843000 	C:\WINDOWS\System32\combase.dll
0x00007ffa17320000 - 0x00007ffa173f9000 	C:\WINDOWS\System32\OLEAUT32.dll
0x00007ffa05350000 - 0x00007ffa0538b000 	C:\WINDOWS\SYSTEM32\dbgcore.DLL
0x00007ffa15b20000 - 0x00007ffa15bcc000 	C:\WINDOWS\System32\bcryptPrimitives.dll
0x00007ffa0bc70000 - 0x00007ffa0bc7f000 	c:\Users\Indhu\.vscode\extensions\redhat.java-1.55.0-win32-x64\jre\21.0.11-win32-x86_64\bin\instrument.dll
0x00007ffa07fa0000 - 0x00007ffa07fc0000 	c:\Users\Indhu\.vscode\extensions\redhat.java-1.55.0-win32-x64\jre\21.0.11-win32-x86_64\bin\java.dll
0x00007ffa16330000 - 0x00007ffa16ac2000 	C:\WINDOWS\System32\SHELL32.dll
0x00007ffa12e40000 - 0x00007ffa136d2000 	C:\WINDOWS\SYSTEM32\windows.storage.dll
0x00007ffa16050000 - 0x00007ffa16147000 	C:\WINDOWS\System32\SHCORE.dll
0x00007ffa16f00000 - 0x00007ffa16f67000 	C:\WINDOWS\System32\shlwapi.dll
0x00007ffa15280000 - 0x00007ffa152a9000 	C:\WINDOWS\SYSTEM32\profapi.dll
0x00007ffa0bbc0000 - 0x00007ffa0bbd8000 	c:\Users\Indhu\.vscode\extensions\redhat.java-1.55.0-win32-x64\jre\21.0.11-win32-x86_64\bin\zip.dll
0x00007ffa0bbb0000 - 0x00007ffa0bbc0000 	C:\Users\Indhu\.vscode\extensions\redhat.java-1.55.0-win32-x64\jre\21.0.11-win32-x86_64\bin\net.dll
0x00007ffa07110000 - 0x00007ffa07239000 	C:\WINDOWS\SYSTEM32\WINHTTP.dll
0x00007ffa145f0000 - 0x00007ffa1465c000 	C:\WINDOWS\system32\mswsock.dll
0x00007ffa0bb00000 - 0x00007ffa0bb16000 	C:\Users\Indhu\.vscode\extensions\redhat.java-1.55.0-win32-x64\jre\21.0.11-win32-x86_64\bin\nio.dll
0x00007ffa07d50000 - 0x00007ffa07d60000 	c:\Users\Indhu\.vscode\extensions\redhat.java-1.55.0-win32-x64\jre\21.0.11-win32-x86_64\bin\verify.dll
0x00007ff9ba260000 - 0x00007ff9ba2a5000 	C:\Users\Indhu\AppData\Roaming\Code\User\globalStorage\redhat.java\1.55.0\config_win\org.eclipse.equinox.launcher\org.eclipse.equinox.launcher.win32.win32.x86_64_1.3.100.v20260613-0559\eclipse_11924.dll
0x00007ffa16ad0000 - 0x00007ffa16c69000 	C:\WINDOWS\System32\ole32.dll
0x00007ffa14910000 - 0x00007ffa1492b000 	C:\WINDOWS\SYSTEM32\CRYPTSP.dll
0x00007ffa13fa0000 - 0x00007ffa13fd9000 	C:\WINDOWS\system32\rsaenh.dll
0x00007ffa146b0000 - 0x00007ffa146e2000 	C:\WINDOWS\SYSTEM32\USERENV.dll
0x00007ffa15250000 - 0x00007ffa1527a000 	C:\WINDOWS\SYSTEM32\bcrypt.dll
0x00007ffa148f0000 - 0x00007ffa148fc000 	C:\WINDOWS\SYSTEM32\CRYPTBASE.dll
0x00007ffa13a10000 - 0x00007ffa13a43000 	C:\WINDOWS\SYSTEM32\IPHLPAPI.DLL
0x00007ffa180f0000 - 0x00007ffa180fa000 	C:\WINDOWS\System32\NSI.dll
0x00007ff9eea60000 - 0x00007ff9eeaa9000 	C:\Users\Indhu\AppData\Local\Temp\jna-70793484\jna15806679196810890053.dll
0x00007ffa17e30000 - 0x00007ffa17e38000 	C:\WINDOWS\System32\PSAPI.DLL
0x00007ffa07320000 - 0x00007ffa0733d000 	C:\WINDOWS\SYSTEM32\dhcpcsvc6.DLL
0x00007ffa06fb0000 - 0x00007ffa06fd5000 	C:\WINDOWS\SYSTEM32\dhcpcsvc.DLL
0x00007ffa0bed0000 - 0x00007ffa0bede000 	C:\Users\Indhu\.vscode\extensions\redhat.java-1.55.0-win32-x64\jre\21.0.11-win32-x86_64\bin\sunmscapi.dll
0x00007ffa159a0000 - 0x00007ffa15b18000 	C:\WINDOWS\System32\CRYPT32.dll
0x00007ffa14ab0000 - 0x00007ffa14ae0000 	C:\WINDOWS\SYSTEM32\ncrypt.dll
0x00007ffa14a60000 - 0x00007ffa14a9f000 	C:\WINDOWS\SYSTEM32\NTASN1.dll
0x00007ffa13b00000 - 0x00007ffa13c55000 	C:\WINDOWS\SYSTEM32\DNSAPI.dll
0x00007ffa143d0000 - 0x00007ffa143dd000 	C:\WINDOWS\SYSTEM32\DSPARSE.dll
0x00007ffa021a0000 - 0x00007ffa021ab000 	C:\Windows\System32\rasadhlp.dll
0x00007ffa05ed0000 - 0x00007ffa05f56000 	C:\WINDOWS\System32\fwpuclnt.dll
0x00007ffa0bec0000 - 0x00007ffa0bec9000 	C:\Users\Indhu\.vscode\extensions\redhat.java-1.55.0-win32-x64\jre\21.0.11-win32-x86_64\bin\extnet.dll

JVMTI agents:
c:\Users\Indhu\.vscode\extensions\redhat.java-1.55.0-win32-x64\lombok\lombok-1.18.39-4050.jar path:c:\Users\Indhu\.vscode\extensions\redhat.java-1.55.0-win32-x64\jre\21.0.11-win32-x86_64\bin\instrument.dll, loaded, initialized, instrumentlib options:none

dbghelp: loaded successfully - version: 4.0.5 - missing functions: none
symbol engine: initialized successfully - sym options: 0x614 - pdb path: .;c:\Users\Indhu\.vscode\extensions\redhat.java-1.55.0-win32-x64\jre\21.0.11-win32-x86_64\bin;C:\WINDOWS\SYSTEM32;C:\Program Files\Avast Software\Avast;C:\WINDOWS\WinSxS\amd64_microsoft.windows.common-controls_6595b64144ccf1df_6.0.26100.8737_none_3e092eaee333b772;c:\Users\Indhu\.vscode\extensions\redhat.java-1.55.0-win32-x64\jre\21.0.11-win32-x86_64\bin\server;C:\Users\Indhu\AppData\Roaming\Code\User\globalStorage\redhat.java\1.55.0\config_win\org.eclipse.equinox.launcher\org.eclipse.equinox.launcher.win32.win32.x86_64_1.3.100.v20260613-0559;C:\Users\Indhu\AppData\Local\Temp\jna-70793484

VM Arguments:
jvm_args: --add-modules=ALL-SYSTEM --add-opens=java.base/java.util=ALL-UNNAMED --add-opens=java.base/java.lang=ALL-UNNAMED --add-opens=java.base/sun.nio.fs=ALL-UNNAMED -Declipse.application=org.eclipse.jdt.ls.core.id1 -Dosgi.bundles.defaultStartLevel=4 -Declipse.product=org.eclipse.jdt.ls.core.product -Djava.import.generatesMetadataFilesAtProjectRoot=false -DDetectVMInstallationsJob.disabled=true -Dfile.encoding=utf8 -XX:+UseParallelGC -XX:GCTimeRatio=4 -XX:AdaptiveSizePolicyWeight=90 -Dsun.zip.disableMemoryMapping=true -Xmx2G -Xms100m -Xlog:disable -javaagent:c:\Users\Indhu\.vscode\extensions\redhat.java-1.55.0-win32-x64\lombok\lombok-1.18.39-4050.jar -XX:+HeapDumpOnOutOfMemoryError -XX:HeapDumpPath=c:\Users\Indhu\AppData\Roaming\Code\User\workspaceStorage\156ce103e89e6260981728d698ba9c7e\redhat.java -Daether.dependencyCollector.impl=bf 
java_command: c:\Users\Indhu\.vscode\extensions\redhat.java-1.55.0-win32-x64\server\plugins\org.eclipse.equinox.launcher_1.7.200.v20260619-2039.jar -configuration c:\Users\Indhu\AppData\Roaming\Code\User\globalStorage\redhat.java\1.55.0\config_win -data c:\Users\Indhu\AppData\Roaming\Code\User\workspaceStorage\156ce103e89e6260981728d698ba9c7e\redhat.java\jdt_ws --pipe=\\.\pipe\lsp-9a80d8866ce68fa58c898a0d919e9bf4-sock
java_class_path (initial): c:\Users\Indhu\.vscode\extensions\redhat.java-1.55.0-win32-x64\server\plugins\org.eclipse.equinox.launcher_1.7.200.v20260619-2039.jar
Launcher Type: SUN_STANDARD

[Global flags]
    uintx AdaptiveSizePolicyWeight                 = 90                                        {product} {command line}
     intx CICompilerCount                          = 3                                         {product} {ergonomic}
    uintx GCTimeRatio                              = 4                                         {product} {command line}
     bool HeapDumpOnOutOfMemoryError               = true                                   {manageable} {command line}
    ccstr HeapDumpPath                             = c:\Users\Indhu\AppData\Roaming\Code\User\workspaceStorage\156ce103e89e6260981728d698ba9c7e\redhat.java         {manageable} {command line}
   size_t InitialHeapSize                          = 104857600                                 {product} {command line}
   size_t MaxHeapSize                              = 2147483648                                {product} {command line}
   size_t MaxNewSize                               = 715653120                                 {product} {ergonomic}
   size_t MinHeapDeltaBytes                        = 524288                                    {product} {ergonomic}
   size_t MinHeapSize                              = 104857600                                 {product} {command line}
   size_t NewSize                                  = 34603008                                  {product} {ergonomic}
    uintx NonNMethodCodeHeapSize                   = 5832780                                {pd product} {ergonomic}
    uintx NonProfiledCodeHeapSize                  = 122912730                              {pd product} {ergonomic}
   size_t OldSize                                  = 70254592                                  {product} {ergonomic}
    uintx ProfiledCodeHeapSize                     = 122912730                              {pd product} {ergonomic}
    uintx ReservedCodeCacheSize                    = 251658240                              {pd product} {ergonomic}
     bool SegmentedCodeCache                       = true                                      {product} {ergonomic}
   size_t SoftMaxHeapSize                          = 2147483648                             {manageable} {ergonomic}
     bool UseCompressedOops                        = true                           {product lp64_product} {ergonomic}
     bool UseLargePagesIndividualAllocation        = false                                  {pd product} {ergonomic}
     bool UseParallelGC                            = true                                      {product} {command line}

Logging:
Log output configuration:
 #0: stdout all=off uptime,level,tags foldmultilines=false
 #1: stderr all=off uptime,level,tags foldmultilines=false

Release file:
JAVA_VERSION="21.0.11" 
MODULES="java.base java.compiler java.datatransfer java.xml java.prefs java.desktop java.instrument java.logging java.management java.security.sasl java.naming java.rmi java.management.rmi java.net.http java.scripting java.security.jgss java.transaction.xa java.sql java.sql.rowset java.xml.crypto java.se java.smartcardio jdk.accessibility jdk.internal.jvmstat jdk.attach jdk.charsets jdk.internal.opt jdk.zipfs jdk.compiler jdk.crypto.ec jdk.crypto.cryptoki jdk.crypto.mscapi jdk.dynalink jdk.internal.ed jdk.editpad jdk.hotspot.agent jdk.httpserver jdk.internal.le jdk.internal.vm.ci jdk.internal.vm.compiler jdk.internal.vm.compiler.management jdk.jartool jdk.javadoc jdk.jcmd jdk.management jdk.management.agent jdk.jconsole jdk.jdeps jdk.jdwp.agent jdk.jdi jdk.jfr jdk.jshell jdk.jsobject jdk.jstatd jdk.localedata jdk.management.jfr jdk.naming.dns jdk.naming.rmi jdk.net jdk.nio.mapmode jdk.random jdk.sctp jdk.security.auth jdk.security.jgss jdk.unsupported jdk.unsupported.desktop jdk.xml.dom" 

Environment Variables:
JAVA_HOME=C:\Program Files\java\jdk-21.0.11
PATH=C:\MinGW\bin;C:\Python311\Scripts\;C:\Python311\;C:\Windows\system32;C:\Windows;C:\Windows\System32\Wbem;C:\Windows\System32\WindowsPowerShell\v1.0\;C:\Windows\System32\OpenSSH\;C:\ProgramData\chocolatey\bin;c:\Users\Indhu\AppData\Local\Programs\cursor\resources\app\bin;C:\Program Files\Git\cmd;C:\WINDOWS\system32;C:\WINDOWS;C:\WINDOWS\System32\Wbem;C:\WINDOWS\System32\WindowsPowerShell\v1.0\;C:\WINDOWS\System32\OpenSSH\;C:\Program Files\java\jre-8u451-windows-x64.exe;C:\Program Files\nodejs\;C:\Program Files\Redis\;C:\Program Files\java\jdk-21.0.11\bin;C:\Program Files\PostgreSQL\14\bin;C:\Program Files\Java\jdk-21.0.11\bin;C:\Users\Indhu\AppData\Local\Programs\Python\Python313\Scripts\;C:\Users\Indhu\AppData\Local\Programs\Python\Python313\;C:\Users\Indhu\AppData\Local\Microsoft\WindowsApps;C:\Users\Indhu\AppData\Local\Programs\Microsoft VS Code\bin;C:\Users\Indhu\AppData\Local\GitHubDesktop\bin;C:\Users\Indhu\AppData\Roaming\npm;C:\Users\Indhu\AppData\Local\Programs\Antigravity\bin
USERNAME=Indhu
OS=Windows_NT
PROCESSOR_IDENTIFIER=Intel64 Family 6 Model 126 Stepping 5, GenuineIntel
TMP=C:\Users\Indhu\AppData\Local\Temp
TEMP=C:\Users\Indhu\AppData\Local\Temp




Periodic native trim disabled

---------------  S Y S T E M  ---------------

OS:
 Windows 11 , 64 bit Build 26100 (10.0.26100.8737)
OS uptime: 3 days 5:59 hours

CPU: total 4 (initial active 4) (2 cores per cpu, 2 threads per core) family 6 model 126 stepping 5 microcode 0xa6, cx8, cmov, fxsr, ht, mmx, 3dnowpref, sse, sse2, sse3, ssse3, sse4.1, sse4.2, popcnt, lzcnt, tsc, tscinvbit, avx, avx2, aes, erms, clmul, bmi1, bmi2, adx, avx512f, avx512dq, avx512cd, avx512bw, avx512vl, sha, fma, vzeroupper, avx512_vpopcntdq, avx512_vpclmulqdq, avx512_vaes, avx512_vnni, clflush, clflushopt, avx512_vbmi2, avx512_vbmi, rdtscp, rdpid, fsrm, gfni, avx512_bitalg, f16c, pku, avx512_ifma
Processor Information for the first 4 processors :
  Max Mhz: 1201, Current Mhz: 1201, Mhz Limit: 1201

Memory: 4k page, system-wide physical 3901M (277M free)
TotalPageFile size 15677M (AvailPageFile size 1M)
current process WorkingSet (physical memory assigned to process): 8M, peak: 236M
current process commit charge ("private bytes"): 338M, peak: 380M

vm_info: OpenJDK 64-Bit Server VM (21.0.11+10-LTS) for windows-amd64 JRE (21.0.11+10-LTS), built on 2026-04-21T00:00:00Z by "admin" with MS VC++ 17.12 (VS2022)

END.
