#
# There is insufficient memory for the Java Runtime Environment to continue.
# Native memory allocation (malloc) failed to allocate 1048576 bytes. Error detail: AllocateHeap
# Possible reasons:
#   The system is out of physical RAM or swap space
#   This process is running with CompressedOops enabled, and the Java Heap may be blocking the growth of the native heap
# Possible solutions:
#   Reduce memory load on the system
#   Increase physical memory or swap space
#   Check if swap backing store is full
#   Decrease Java heap size (-Xmx/-Xms)
#   Decrease number of Java threads
#   Decrease Java thread stack sizes (-Xss)
#   Set larger code cache with -XX:ReservedCodeCacheSize=
#   JVM is running with Unscaled Compressed Oops mode in which the Java heap is
#     placed in the first 4GB address space. The Java Heap base address is the
#     maximum limit for the native heap growth. Please use -XX:HeapBaseMinAddress
#     to set the Java Heap base and to place the Java Heap above 4GB virtual address.
# This output file may be truncated or incomplete.
#
#  Out of Memory Error (allocation.cpp:44), pid=23016, tid=10456
#
# JRE version: OpenJDK Runtime Environment Temurin-21.0.11+10 (21.0.11+10) (build 21.0.11+10-LTS)
# Java VM: OpenJDK 64-Bit Server VM Temurin-21.0.11+10 (21.0.11+10-LTS, mixed mode, sharing, tiered, compressed oops, compressed class ptrs, parallel gc, windows-amd64)
# No core dump will be written. Minidumps are not enabled by default on client versions of Windows
#

---------------  S U M M A R Y ------------

Command Line: --add-modules=ALL-SYSTEM --add-opens=java.base/java.util=ALL-UNNAMED --add-opens=java.base/java.lang=ALL-UNNAMED --add-opens=java.base/sun.nio.fs=ALL-UNNAMED -Declipse.application=org.eclipse.jdt.ls.core.id1 -Dosgi.bundles.defaultStartLevel=4 -Declipse.product=org.eclipse.jdt.ls.core.product -Djava.import.generatesMetadataFilesAtProjectRoot=false -DDetectVMInstallationsJob.disabled=true -Dfile.encoding=utf8 -XX:+UseParallelGC -XX:GCTimeRatio=4 -XX:AdaptiveSizePolicyWeight=90 -Dsun.zip.disableMemoryMapping=true -Xmx2G -Xms100m -Xlog:disable -javaagent:c:\Users\Indhu\.vscode\extensions\redhat.java-1.55.0-win32-x64\lombok\lombok-1.18.39-4050.jar -XX:+HeapDumpOnOutOfMemoryError -XX:HeapDumpPath=c:\Users\Indhu\AppData\Roaming\Code\User\workspaceStorage\156ce103e89e6260981728d698ba9c7e\redhat.java -Daether.dependencyCollector.impl=bf c:\Users\Indhu\.vscode\extensions\redhat.java-1.55.0-win32-x64\server\plugins\org.eclipse.equinox.launcher_1.7.200.v20260619-2039.jar -configuration c:\Users\Indhu\AppData\Roaming\Code\User\globalStorage\redhat.java\1.55.0\config_win -data c:\Users\Indhu\AppData\Roaming\Code\User\workspaceStorage\156ce103e89e6260981728d698ba9c7e\redhat.java\jdt_ws --pipe=\\.\pipe\lsp-8f9b664bf392cb245379eb9b0ec1ce32-sock

Host: Intel(R) Core(TM) i3-1005G1 CPU @ 1.20GHz, 4 cores, 3G,  Windows 11 , 64 bit Build 26100 (10.0.26100.8737)
Time: Mon Jul  6 22:59:48 2026 India Standard Time elapsed time: 12374.720860 seconds (0d 3h 26m 14s)

---------------  T H R E A D  ---------------

Current thread (0x0000019a6350df20):  JavaThread "Attach Listener" daemon [_thread_in_vm, id=10456, stack(0x00000075cc400000,0x00000075cc500000) (1024K)]

Stack: [0x00000075cc400000,0x00000075cc500000]
Native frames: (J=compiled Java code, j=interpreted, Vv=VM code, C=native code)
V  [jvm.dll+0x6d7e19]
V  [jvm.dll+0x8b5096]
V  [jvm.dll+0x8b764e]
V  [jvm.dll+0x8b7d33]
V  [jvm.dll+0x284596]
V  [jvm.dll+0xc13c7]
V  [jvm.dll+0x6d86c9]
V  [jvm.dll+0x133616]
V  [jvm.dll+0x3f868e]
V  [jvm.dll+0x85fb0d]
V  [jvm.dll+0x6d664d]
C  [ucrtbase.dll+0x2cd30]
C  [KERNEL32.DLL+0x2e957]
C  [ntdll.dll+0xaad6c]


---------------  P R O C E S S  ---------------

Threads class SMR info:
_java_thread_list=0x0000019a42d550d0, length=31, elements={
0x0000019a63614b90, 0x0000019a63504400, 0x0000019a636cdf30, 0x0000019a63509e50,
0x0000019a6350df20, 0x0000019a63510010, 0x0000019a63514670, 0x0000019a6351ede0,
0x0000019a63525290, 0x0000019a7ad71760, 0x0000019a7ae1de50, 0x0000019a7f626430,
0x0000019a7f5e85c0, 0x0000019a7f6e3970, 0x0000019a7f6e3fe0, 0x0000019a7f160de0,
0x0000019a415c23f0, 0x0000019a7ad18570, 0x0000019a410aadb0, 0x0000019a410a8650,
0x0000019a426a2b60, 0x0000019a426a17b0, 0x0000019a426a31f0, 0x0000019a426a1120,
0x0000019a426a24d0, 0x0000019a426a1e40, 0x0000019a426a3f10, 0x0000019a426a45a0,
0x0000019a43170d90, 0x0000019a43172e60, 0x0000019a43171ab0
}

Java Threads: ( => current thread )
  0x0000019a63614b90 JavaThread "main"                              [_thread_blocked, id=18572, stack(0x00000075cbd00000,0x00000075cbe00000) (1024K)]
  0x0000019a63504400 JavaThread "Reference Handler"          daemon [_thread_blocked, id=20120, stack(0x00000075cc100000,0x00000075cc200000) (1024K)]
  0x0000019a636cdf30 JavaThread "Finalizer"                  daemon [_thread_blocked, id=13900, stack(0x00000075cc200000,0x00000075cc300000) (1024K)]
  0x0000019a63509e50 JavaThread "Signal Dispatcher"          daemon [_thread_blocked, id=12684, stack(0x00000075cc300000,0x00000075cc400000) (1024K)]
=>0x0000019a6350df20 JavaThread "Attach Listener"            daemon [_thread_in_vm, id=10456, stack(0x00000075cc400000,0x00000075cc500000) (1024K)]
  0x0000019a63510010 JavaThread "Service Thread"             daemon [_thread_blocked, id=9752, stack(0x00000075cc500000,0x00000075cc600000) (1024K)]
  0x0000019a63514670 JavaThread "Monitor Deflation Thread"   daemon [_thread_blocked, id=17484, stack(0x00000075cc600000,0x00000075cc700000) (1024K)]
  0x0000019a6351ede0 JavaThread "C2 CompilerThread0"         daemon [_thread_blocked, id=13204, stack(0x00000075cc700000,0x00000075cc800000) (1024K)]
  0x0000019a63525290 JavaThread "C1 CompilerThread0"         daemon [_thread_blocked, id=12800, stack(0x00000075cc800000,0x00000075cc900000) (1024K)]
  0x0000019a7ad71760 JavaThread "Common-Cleaner"             daemon [_thread_blocked, id=18772, stack(0x00000075cc900000,0x00000075cca00000) (1024K)]
  0x0000019a7ae1de50 JavaThread "Notification Thread"        daemon [_thread_blocked, id=7880, stack(0x00000075cca00000,0x00000075ccb00000) (1024K)]
  0x0000019a7f626430 JavaThread "Active Thread: Equinox Container: 18a9df3c-12d4-44f0-b10f-3899f473607d"        [_thread_blocked, id=22776, stack(0x00000075cce00000,0x00000075ccf00000) (1024K)]
  0x0000019a7f5e85c0 JavaThread "Refresh Thread: Equinox Container: 18a9df3c-12d4-44f0-b10f-3899f473607d" daemon [_thread_blocked, id=23920, stack(0x00000075ccf00000,0x00000075cd000000) (1024K)]
  0x0000019a7f6e3970 JavaThread "Framework Event Dispatcher: Equinox Container: 18a9df3c-12d4-44f0-b10f-3899f473607d" daemon [_thread_blocked, id=25372, stack(0x00000075cd000000,0x00000075cd100000) (1024K)]
  0x0000019a7f6e3fe0 JavaThread "Start Level: Equinox Container: 18a9df3c-12d4-44f0-b10f-3899f473607d" daemon [_thread_blocked, id=24676, stack(0x00000075cd100000,0x00000075cd200000) (1024K)]
  0x0000019a7f160de0 JavaThread "Bundle File Closer"         daemon [_thread_blocked, id=9544, stack(0x00000075cd200000,0x00000075cd300000) (1024K)]
  0x0000019a415c23f0 JavaThread "SCR Component Actor"        daemon [_thread_blocked, id=13820, stack(0x00000075cd300000,0x00000075cd400000) (1024K)]
  0x0000019a7ad18570 JavaThread "Worker-JM"                         [_thread_blocked, id=20616, stack(0x00000075cd400000,0x00000075cd500000) (1024K)]
  0x0000019a410aadb0 JavaThread "JNA Cleaner"                daemon [_thread_blocked, id=17924, stack(0x00000075cd500000,0x00000075cd600000) (1024K)]
  0x0000019a410a8650 JavaThread "Java indexing"              daemon [_thread_blocked, id=18168, stack(0x00000075cd900000,0x00000075cda00000) (1024K)]
  0x0000019a426a2b60 JavaThread "Thread-1"                   daemon [_thread_in_native, id=21296, stack(0x00000075cdf00000,0x00000075ce000000) (1024K)]
  0x0000019a426a17b0 JavaThread "Thread-2"                   daemon [_thread_in_native, id=21720, stack(0x00000075ce000000,0x00000075ce100000) (1024K)]
  0x0000019a426a31f0 JavaThread "Thread-3"                   daemon [_thread_in_native, id=18424, stack(0x00000075ce100000,0x00000075ce200000) (1024K)]
  0x0000019a426a1120 JavaThread "Thread-4"                   daemon [_thread_in_native, id=4256, stack(0x00000075ce200000,0x00000075ce300000) (1024K)]
  0x0000019a426a24d0 JavaThread "Thread-5"                   daemon [_thread_in_native, id=10816, stack(0x00000075ce300000,0x00000075ce400000) (1024K)]
  0x0000019a426a1e40 JavaThread "pool-2-thread-1"                   [_thread_blocked, id=21020, stack(0x00000075ce400000,0x00000075ce500000) (1024K)]
  0x0000019a426a3f10 JavaThread "WorkspaceEventsHandler"            [_thread_blocked, id=736, stack(0x00000075ce500000,0x00000075ce600000) (1024K)]
  0x0000019a426a45a0 JavaThread "pool-1-thread-1"                   [_thread_blocked, id=8780, stack(0x00000075ce600000,0x00000075ce700000) (1024K)]
  0x0000019a43170d90 JavaThread "Cleaner-0"                  daemon [_thread_blocked, id=5548, stack(0x00000075cf900000,0x00000075cfa00000) (1024K)]
  0x0000019a43172e60 JavaThread "Worker-27"                         [_thread_blocked, id=19252, stack(0x00000075cd700000,0x00000075cd800000) (1024K)]
  0x0000019a43171ab0 JavaThread "Worker-34"                         [_thread_blocked, id=20816, stack(0x00000075cba00000,0x00000075cbb00000) (1024K)]
Total: 31

Other Threads:
  0x0000019a636b4a00 VMThread "VM Thread"                           [id=14276, stack(0x00000075cc000000,0x00000075cc100000) (1024K)]
  0x0000019a6349c950 WatcherThread "VM Periodic Task Thread"        [id=22524, stack(0x00000075cbf00000,0x00000075cc000000) (1024K)]
  0x0000019a63632380 WorkerThread "GC Thread#0"                     [id=21180, stack(0x00000075cbe00000,0x00000075cbf00000) (1024K)]
  0x0000019a7f53a020 WorkerThread "GC Thread#1"                     [id=7608, stack(0x00000075ccb00000,0x00000075ccc00000) (1024K)]
  0x0000019a7f494010 WorkerThread "GC Thread#2"                     [id=23756, stack(0x00000075ccc00000,0x00000075ccd00000) (1024K)]
  0x0000019a7f088000 WorkerThread "GC Thread#3"                     [id=13260, stack(0x00000075ccd00000,0x00000075cce00000) (1024K)]
Total: 6

Threads with active compile tasks:
Total: 0

VM state: not at safepoint (normal execution)

VM Mutex/Monitor currently owned by a thread: None

Heap address: 0x0000000080000000, size: 2048 MB, Compressed Oops mode: 32-bit

CDS archive(s) mapped at: [0x0000019a00000000-0x0000019a00ba0000-0x0000019a00ba0000), size 12189696, SharedBaseAddress: 0x0000019a00000000, ArchiveRelocationMode: 1.
Compressed class space mapped at: 0x0000019a01000000-0x0000019a41000000, reserved size: 1073741824
Narrow klass base: 0x0000019a00000000, Narrow klass shift: 0, Narrow klass range: 0x100000000

GC Precious Log:
 CardTable entry size: 512
 CPUs: 4 total, 4 available
 Memory: 3901M
 Large Page Support: Disabled
 NUMA Support: Disabled
 Compressed Oops: Enabled (32-bit)
 Alignments: Space 512K, Generation 512K, Heap 2M
 Heap Min Capacity: 100M
 Heap Initial Capacity: 100M
 Heap Max Capacity: 2G
 Pre-touch: Disabled
 Parallel Workers: 4

Heap:
 PSYoungGen      total 2560K, used 1734K [0x00000000d5580000, 0x00000000d5900000, 0x0000000100000000)
  eden space 2048K, 78% used [0x00000000d5580000,0x00000000d5711a48,0x00000000d5780000)
  from space 512K, 25% used [0x00000000d5880000,0x00000000d58a0000,0x00000000d5900000)
  to   space 512K, 0% used [0x00000000d5800000,0x00000000d5800000,0x00000000d5880000)
 ParOldGen       total 830976K, used 830524K [0x0000000080000000, 0x00000000b2b80000, 0x00000000d5580000)
  object space 830976K, 99% used [0x0000000080000000,0x00000000b2b0f368,0x00000000b2b80000)
 Metaspace       used 88296K, committed 90176K, reserved 1179648K
  class space    used 8705K, committed 9536K, reserved 1048576K

Card table byte_map: [0x0000019a62fb0000,0x0000019a633c0000] _byte_map_base: 0x0000019a62bb0000

Marking Bits: (ParMarkBitMap*) 0x00007ff998544460
 Begin Bits: [0x0000019a75ac0000, 0x0000019a77ac0000)
 End Bits:   [0x0000019a77ac0000, 0x0000019a79ac0000)

Polling page: 0x0000019a61210000

Metaspace:

Usage:
  Non-class:     77.73 MB used.
      Class:      8.50 MB used.
       Both:     86.23 MB used.

Virtual space:
  Non-class space:      128.00 MB reserved,      78.75 MB ( 62%) committed,  2 nodes.
      Class space:        1.00 GB reserved,       9.31 MB ( <1%) committed,  1 nodes.
             Both:        1.12 GB reserved,      88.06 MB (  8%) committed. 

Chunk freelists:
   Non-Class:  912.00 KB
       Class:  6.70 MB
        Both:  7.59 MB

MaxMetaspaceSize: unlimited
CompressedClassSpaceSize: 1.00 GB
Initial GC threshold: 21.00 MB
Current GC threshold: 141.25 MB
CDS: on
 - commit_granule_bytes: 65536.
 - commit_granule_words: 8192.
 - virtual_space_node_default_size: 8388608.
 - enlarge_chunks_in_place: 1.
 - use_allocation_guard: 0.


Internal statistics:

num_allocs_failed_limit: 9.
num_arena_births: 1976.
num_arena_deaths: 428.
num_vsnodes_births: 3.
num_vsnodes_deaths: 0.
num_space_committed: 1409.
num_space_uncommitted: 0.
num_chunks_returned_to_freelist: 507.
num_chunks_taken_from_freelist: 6784.
num_chunk_merges: 131.
num_chunk_splits: 3872.
num_chunks_enlarged: 2028.
num_inconsistent_stats: 0.

CodeHeap 'non-profiled nmethods': size=120000Kb used=21602Kb max_used=21602Kb free=98397Kb
 bounds [0x0000019a6e2e0000, 0x0000019a6f800000, 0x0000019a75810000]
CodeHeap 'profiled nmethods': size=120000Kb used=30743Kb max_used=40832Kb free=89256Kb
 bounds [0x0000019a66810000, 0x0000019a69000000, 0x0000019a6dd40000]
CodeHeap 'non-nmethods': size=5760Kb used=1504Kb max_used=1621Kb free=4255Kb
 bounds [0x0000019a6dd40000, 0x0000019a6dfb0000, 0x0000019a6e2e0000]
CodeCache: size=245760Kb, used=53849Kb, max_used=64055Kb, free=191908Kb
 total_blobs=14236, nmethods=13426, adapters=713, full_count=0
Compilation: enabled, stopped_count=0, restarted_count=0

Compilation events (20 events):
Event: 9682.475 Thread 0x0000019a63525290 26097       3       java.lang.ClassLoader::getPlatformClassLoader (21 bytes)
Event: 9682.519 Thread 0x0000019a63525290 nmethod 26097 0x0000019a673c6b10 code [0x0000019a673c6ce0, 0x0000019a673c6f70]
Event: 10649.440 Thread 0x0000019a63525290 26098       3       org.eclipse.jdt.core.dom.ASTVisitor::endVisit (1 bytes)
Event: 10649.462 Thread 0x0000019a63525290 nmethod 26098 0x0000019a67000310 code [0x0000019a670004a0, 0x0000019a670005a8]
Event: 10649.462 Thread 0x0000019a63525290 26099       1       org.eclipse.jdt.core.dom.ASTVisitor::visit (2 bytes)
Event: 10649.466 Thread 0x0000019a63525290 nmethod 26099 0x0000019a6f7f7790 code [0x0000019a6f7f7920, 0x0000019a6f7f79e8]
Event: 10653.353 Thread 0x0000019a63525290 26100       3       org.eclipse.jdt.core.dom.TypeBinding::getModifiers (184 bytes)
Event: 10653.462 Thread 0x0000019a63525290 nmethod 26100 0x0000019a68dd0a10 code [0x0000019a68dd0ce0, 0x0000019a68dd1f70]
Event: 10653.555 Thread 0x0000019a63525290 26101       3       org.eclipse.jdt.core.dom.PrimitiveType::accept0 (37 bytes)
Event: 10653.568 Thread 0x0000019a63525290 nmethod 26101 0x0000019a68d21590 code [0x0000019a68d21760, 0x0000019a68d21ad8]
Event: 10745.073 Thread 0x0000019a6351ede0 26102       4       java.util.concurrent.locks.AbstractQueuedSynchronizer$Node::clearStatus (12 bytes)
Event: 10745.102 Thread 0x0000019a6351ede0 nmethod 26102 0x0000019a6f7f7a90 code [0x0000019a6f7f7c20, 0x0000019a6f7f7cb0]
Event: 10746.832 Thread 0x0000019a6351ede0 26103   !   4       java.util.concurrent.locks.AbstractQueuedSynchronizer::tryInitializeHead (66 bytes)
Event: 10746.853 Thread 0x0000019a6351ede0 nmethod 26103 0x0000019a6f7f7d90 code [0x0000019a6f7f7f20, 0x0000019a6f7f80e0]
Event: 10808.854 Thread 0x0000019a6351ede0 26104       4       java.util.concurrent.locks.AbstractQueuedSynchronizer$ConditionObject::canReacquire (38 bytes)
Event: 10808.886 Thread 0x0000019a6351ede0 nmethod 26104 0x0000019a6f7f8210 code [0x0000019a6f7f83a0, 0x0000019a6f7f8480]
Event: 10955.406 Thread 0x0000019a6351ede0 26105       4       java.util.concurrent.Executors$RunnableAdapter::call (14 bytes)
Event: 10955.433 Thread 0x0000019a6351ede0 nmethod 26105 0x0000019a6f7f8590 code [0x0000019a6f7f8720, 0x0000019a6f7f87e0]
Event: 12267.114 Thread 0x0000019a63525290 26106       3       java.util.logging.LogManager::demandLogger (53 bytes)
Event: 12267.224 Thread 0x0000019a63525290 nmethod 26106 0x0000019a68ef6110 code [0x0000019a68ef6340, 0x0000019a68ef6978]

GC Heap History (20 events):
Event: 5398.348 GC heap before
{Heap before GC invocations=3622 (full 10):
 PSYoungGen      total 2560K, used 2176K [0x00000000d5580000, 0x00000000d5900000, 0x0000000100000000)
  eden space 2048K, 100% used [0x00000000d5580000,0x00000000d5780000,0x00000000d5780000)
  from space 512K, 25% used [0x00000000d5880000,0x00000000d58a0000,0x00000000d5900000)
  to   space 512K, 0% used [0x00000000d5800000,0x00000000d5800000,0x00000000d5880000)
 ParOldGen       total 829440K, used 829379K [0x0000000080000000, 0x00000000b2a00000, 0x00000000d5580000)
  object space 829440K, 99% used [0x0000000080000000,0x00000000b29f0e60,0x00000000b2a00000)
 Metaspace       used 88279K, committed 90176K, reserved 1179648K
  class space    used 8705K, committed 9536K, reserved 1048576K
}
Event: 5398.524 GC heap after
{Heap after GC invocations=3622 (full 10):
 PSYoungGen      total 2560K, used 272K [0x00000000d5580000, 0x00000000d5900000, 0x0000000100000000)
  eden space 2048K, 0% used [0x00000000d5580000,0x00000000d5580000,0x00000000d5780000)
  from space 512K, 53% used [0x00000000d5800000,0x00000000d5844030,0x00000000d5880000)
  to   space 512K, 0% used [0x00000000d5880000,0x00000000d5880000,0x00000000d5900000)
 ParOldGen       total 829440K, used 829387K [0x0000000080000000, 0x00000000b2a00000, 0x00000000d5580000)
  object space 829440K, 99% used [0x0000000080000000,0x00000000b29f2e60,0x00000000b2a00000)
 Metaspace       used 88279K, committed 90176K, reserved 1179648K
  class space    used 8705K, committed 9536K, reserved 1048576K
}
Event: 5398.573 GC heap before
{Heap before GC invocations=3623 (full 10):
 PSYoungGen      total 2560K, used 2320K [0x00000000d5580000, 0x00000000d5900000, 0x0000000100000000)
  eden space 2048K, 100% used [0x00000000d5580000,0x00000000d5780000,0x00000000d5780000)
  from space 512K, 53% used [0x00000000d5800000,0x00000000d5844030,0x00000000d5880000)
  to   space 512K, 0% used [0x00000000d5880000,0x00000000d5880000,0x00000000d5900000)
 ParOldGen       total 829440K, used 829387K [0x0000000080000000, 0x00000000b2a00000, 0x00000000d5580000)
  object space 829440K, 99% used [0x0000000080000000,0x00000000b29f2e60,0x00000000b2a00000)
 Metaspace       used 88279K, committed 90176K, reserved 1179648K
  class space    used 8705K, committed 9536K, reserved 1048576K
}
Event: 5398.578 GC heap after
{Heap after GC invocations=3623 (full 10):
 PSYoungGen      total 2560K, used 128K [0x00000000d5580000, 0x00000000d5900000, 0x0000000100000000)
  eden space 2048K, 0% used [0x00000000d5580000,0x00000000d5580000,0x00000000d5780000)
  from space 512K, 25% used [0x00000000d5880000,0x00000000d58a0000,0x00000000d5900000)
  to   space 512K, 0% used [0x00000000d5800000,0x00000000d5800000,0x00000000d5880000)
 ParOldGen       total 829952K, used 829523K [0x0000000080000000, 0x00000000b2a80000, 0x00000000d5580000)
  object space 829952K, 99% used [0x0000000080000000,0x00000000b2a14e80,0x00000000b2a80000)
 Metaspace       used 88279K, committed 90176K, reserved 1179648K
  class space    used 8705K, committed 9536K, reserved 1048576K
}
Event: 5398.871 GC heap before
{Heap before GC invocations=3624 (full 10):
 PSYoungGen      total 2560K, used 2176K [0x00000000d5580000, 0x00000000d5900000, 0x0000000100000000)
  eden space 2048K, 100% used [0x00000000d5580000,0x00000000d5780000,0x00000000d5780000)
  from space 512K, 25% used [0x00000000d5880000,0x00000000d58a0000,0x00000000d5900000)
  to   space 512K, 0% used [0x00000000d5800000,0x00000000d5800000,0x00000000d5880000)
 ParOldGen       total 829952K, used 829523K [0x0000000080000000, 0x00000000b2a80000, 0x00000000d5580000)
  object space 829952K, 99% used [0x0000000080000000,0x00000000b2a14e80,0x00000000b2a80000)
 Metaspace       used 88279K, committed 90176K, reserved 1179648K
  class space    used 8705K, committed 9536K, reserved 1048576K
}
Event: 5398.883 GC heap after
{Heap after GC invocations=3624 (full 10):
 PSYoungGen      total 2560K, used 500K [0x00000000d5580000, 0x00000000d5980000, 0x0000000100000000)
  eden space 2048K, 0% used [0x00000000d5580000,0x00000000d5580000,0x00000000d5780000)
  from space 512K, 97% used [0x00000000d5800000,0x00000000d587d220,0x00000000d5880000)
  to   space 1024K, 0% used [0x00000000d5880000,0x00000000d5880000,0x00000000d5980000)
 ParOldGen       total 829952K, used 829752K [0x0000000080000000, 0x00000000b2a80000, 0x00000000d5580000)
  object space 829952K, 99% used [0x0000000080000000,0x00000000b2a4e090,0x00000000b2a80000)
 Metaspace       used 88279K, committed 90176K, reserved 1179648K
  class space    used 8705K, committed 9536K, reserved 1048576K
}
Event: 5399.002 GC heap before
{Heap before GC invocations=3625 (full 10):
 PSYoungGen      total 2560K, used 2548K [0x00000000d5580000, 0x00000000d5980000, 0x0000000100000000)
  eden space 2048K, 100% used [0x00000000d5580000,0x00000000d5780000,0x00000000d5780000)
  from space 512K, 97% used [0x00000000d5800000,0x00000000d587d220,0x00000000d5880000)
  to   space 1024K, 0% used [0x00000000d5880000,0x00000000d5880000,0x00000000d5980000)
 ParOldGen       total 829952K, used 829752K [0x0000000080000000, 0x00000000b2a80000, 0x00000000d5580000)
  object space 829952K, 99% used [0x0000000080000000,0x00000000b2a4e090,0x00000000b2a80000)
 Metaspace       used 88279K, committed 90176K, reserved 1179648K
  class space    used 8705K, committed 9536K, reserved 1048576K
}
Event: 5399.010 GC heap after
{Heap after GC invocations=3625 (full 10):
 PSYoungGen      total 2560K, used 212K [0x00000000d5580000, 0x00000000d5900000, 0x0000000100000000)
  eden space 2048K, 0% used [0x00000000d5580000,0x00000000d5580000,0x00000000d5780000)
  from space 512K, 41% used [0x00000000d5880000,0x00000000d58b5200,0x00000000d5900000)
  to   space 512K, 0% used [0x00000000d5800000,0x00000000d5800000,0x00000000d5880000)
 ParOldGen       total 830464K, used 830128K [0x0000000080000000, 0x00000000b2b00000, 0x00000000d5580000)
  object space 830464K, 99% used [0x0000000080000000,0x00000000b2aac0b0,0x00000000b2b00000)
 Metaspace       used 88279K, committed 90176K, reserved 1179648K
  class space    used 8705K, committed 9536K, reserved 1048576K
}
Event: 5399.152 GC heap before
{Heap before GC invocations=3626 (full 10):
 PSYoungGen      total 2560K, used 2260K [0x00000000d5580000, 0x00000000d5900000, 0x0000000100000000)
  eden space 2048K, 99% used [0x00000000d5580000,0x00000000d577fff8,0x00000000d5780000)
  from space 512K, 41% used [0x00000000d5880000,0x00000000d58b5200,0x00000000d5900000)
  to   space 512K, 0% used [0x00000000d5800000,0x00000000d5800000,0x00000000d5880000)
 ParOldGen       total 830464K, used 830128K [0x0000000080000000, 0x00000000b2b00000, 0x00000000d5580000)
  object space 830464K, 99% used [0x0000000080000000,0x00000000b2aac0b0,0x00000000b2b00000)
 Metaspace       used 88280K, committed 90176K, reserved 1179648K
  class space    used 8705K, committed 9536K, reserved 1048576K
}
Event: 5399.159 GC heap after
{Heap after GC invocations=3626 (full 10):
 PSYoungGen      total 2560K, used 160K [0x00000000d5580000, 0x00000000d5900000, 0x0000000100000000)
  eden space 2048K, 0% used [0x00000000d5580000,0x00000000d5580000,0x00000000d5780000)
  from space 512K, 31% used [0x00000000d5800000,0x00000000d5828000,0x00000000d5880000)
  to   space 512K, 0% used [0x00000000d5880000,0x00000000d5880000,0x00000000d5900000)
 ParOldGen       total 830464K, used 830200K [0x0000000080000000, 0x00000000b2b00000, 0x00000000d5580000)
  object space 830464K, 99% used [0x0000000080000000,0x00000000b2abe0b0,0x00000000b2b00000)
 Metaspace       used 88280K, committed 90176K, reserved 1179648K
  class space    used 8705K, committed 9536K, reserved 1048576K
}
Event: 5400.972 GC heap before
{Heap before GC invocations=3627 (full 10):
 PSYoungGen      total 2560K, used 2208K [0x00000000d5580000, 0x00000000d5900000, 0x0000000100000000)
  eden space 2048K, 100% used [0x00000000d5580000,0x00000000d5780000,0x00000000d5780000)
  from space 512K, 31% used [0x00000000d5800000,0x00000000d5828000,0x00000000d5880000)
  to   space 512K, 0% used [0x00000000d5880000,0x00000000d5880000,0x00000000d5900000)
 ParOldGen       total 830464K, used 830200K [0x0000000080000000, 0x00000000b2b00000, 0x00000000d5580000)
  object space 830464K, 99% used [0x0000000080000000,0x00000000b2abe0b0,0x00000000b2b00000)
 Metaspace       used 88281K, committed 90176K, reserved 1179648K
  class space    used 8705K, committed 9536K, reserved 1048576K
}
Event: 5400.982 GC heap after
{Heap after GC invocations=3627 (full 10):
 PSYoungGen      total 2560K, used 160K [0x00000000d5580000, 0x00000000d5900000, 0x0000000100000000)
  eden space 2048K, 0% used [0x00000000d5580000,0x00000000d5580000,0x00000000d5780000)
  from space 512K, 31% used [0x00000000d5880000,0x00000000d58a8000,0x00000000d5900000)
  to   space 512K, 0% used [0x00000000d5800000,0x00000000d5800000,0x00000000d5880000)
 ParOldGen       total 830464K, used 830300K [0x0000000080000000, 0x00000000b2b00000, 0x00000000d5580000)
  object space 830464K, 99% used [0x0000000080000000,0x00000000b2ad7348,0x00000000b2b00000)
 Metaspace       used 88281K, committed 90176K, reserved 1179648K
  class space    used 8705K, committed 9536K, reserved 1048576K
}
Event: 10648.597 GC heap before
{Heap before GC invocations=3628 (full 10):
 PSYoungGen      total 2560K, used 2207K [0x00000000d5580000, 0x00000000d5900000, 0x0000000100000000)
  eden space 2048K, 99% used [0x00000000d5580000,0x00000000d577ffd0,0x00000000d5780000)
  from space 512K, 31% used [0x00000000d5880000,0x00000000d58a8000,0x00000000d5900000)
  to   space 512K, 0% used [0x00000000d5800000,0x00000000d5800000,0x00000000d5880000)
 ParOldGen       total 830464K, used 830300K [0x0000000080000000, 0x00000000b2b00000, 0x00000000d5580000)
  object space 830464K, 99% used [0x0000000080000000,0x00000000b2ad7348,0x00000000b2b00000)
 Metaspace       used 88294K, committed 90176K, reserved 1179648K
  class space    used 8705K, committed 9536K, reserved 1048576K
}
Event: 10649.105 GC heap after
{Heap after GC invocations=3628 (full 10):
 PSYoungGen      total 2560K, used 128K [0x00000000d5580000, 0x00000000d5900000, 0x0000000100000000)
  eden space 2048K, 0% used [0x00000000d5580000,0x00000000d5580000,0x00000000d5780000)
  from space 512K, 25% used [0x00000000d5800000,0x00000000d5820000,0x00000000d5880000)
  to   space 512K, 0% used [0x00000000d5880000,0x00000000d5880000,0x00000000d5900000)
 ParOldGen       total 830464K, used 830380K [0x0000000080000000, 0x00000000b2b00000, 0x00000000d5580000)
  object space 830464K, 99% used [0x0000000080000000,0x00000000b2aeb348,0x00000000b2b00000)
 Metaspace       used 88294K, committed 90176K, reserved 1179648K
  class space    used 8705K, committed 9536K, reserved 1048576K
}
Event: 10653.360 GC heap before
{Heap before GC invocations=3629 (full 10):
 PSYoungGen      total 2560K, used 2175K [0x00000000d5580000, 0x00000000d5900000, 0x0000000100000000)
  eden space 2048K, 99% used [0x00000000d5580000,0x00000000d577fff0,0x00000000d5780000)
  from space 512K, 25% used [0x00000000d5800000,0x00000000d5820000,0x00000000d5880000)
  to   space 512K, 0% used [0x00000000d5880000,0x00000000d5880000,0x00000000d5900000)
 ParOldGen       total 830464K, used 830380K [0x0000000080000000, 0x00000000b2b00000, 0x00000000d5580000)
  object space 830464K, 99% used [0x0000000080000000,0x00000000b2aeb348,0x00000000b2b00000)
 Metaspace       used 88294K, committed 90176K, reserved 1179648K
  class space    used 8705K, committed 9536K, reserved 1048576K
}
Event: 10653.370 GC heap after
{Heap after GC invocations=3629 (full 10):
 PSYoungGen      total 2560K, used 192K [0x00000000d5580000, 0x00000000d5900000, 0x0000000100000000)
  eden space 2048K, 0% used [0x00000000d5580000,0x00000000d5580000,0x00000000d5780000)
  from space 512K, 37% used [0x00000000d5880000,0x00000000d58b0020,0x00000000d5900000)
  to   space 512K, 0% used [0x00000000d5800000,0x00000000d5800000,0x00000000d5880000)
 ParOldGen       total 830464K, used 830412K [0x0000000080000000, 0x00000000b2b00000, 0x00000000d5580000)
  object space 830464K, 99% used [0x0000000080000000,0x00000000b2af3348,0x00000000b2b00000)
 Metaspace       used 88294K, committed 90176K, reserved 1179648K
  class space    used 8705K, committed 9536K, reserved 1048576K
}
Event: 10685.909 GC heap before
{Heap before GC invocations=3630 (full 10):
 PSYoungGen      total 2560K, used 2240K [0x00000000d5580000, 0x00000000d5900000, 0x0000000100000000)
  eden space 2048K, 100% used [0x00000000d5580000,0x00000000d5780000,0x00000000d5780000)
  from space 512K, 37% used [0x00000000d5880000,0x00000000d58b0020,0x00000000d5900000)
  to   space 512K, 0% used [0x00000000d5800000,0x00000000d5800000,0x00000000d5880000)
 ParOldGen       total 830464K, used 830412K [0x0000000080000000, 0x00000000b2b00000, 0x00000000d5580000)
  object space 830464K, 99% used [0x0000000080000000,0x00000000b2af3348,0x00000000b2b00000)
 Metaspace       used 88295K, committed 90176K, reserved 1179648K
  class space    used 8705K, committed 9536K, reserved 1048576K
}
Event: 10686.370 GC heap after
{Heap after GC invocations=3630 (full 10):
 PSYoungGen      total 2560K, used 128K [0x00000000d5580000, 0x00000000d5900000, 0x0000000100000000)
  eden space 2048K, 0% used [0x00000000d5580000,0x00000000d5580000,0x00000000d5780000)
  from space 512K, 25% used [0x00000000d5800000,0x00000000d5820000,0x00000000d5880000)
  to   space 512K, 0% used [0x00000000d5880000,0x00000000d5880000,0x00000000d5900000)
 ParOldGen       total 830976K, used 830492K [0x0000000080000000, 0x00000000b2b80000, 0x00000000d5580000)
  object space 830976K, 99% used [0x0000000080000000,0x00000000b2b07368,0x00000000b2b80000)
 Metaspace       used 88295K, committed 90176K, reserved 1179648K
  class space    used 8705K, committed 9536K, reserved 1048576K
}
Event: 10688.779 GC heap before
{Heap before GC invocations=3631 (full 10):
 PSYoungGen      total 2560K, used 2176K [0x00000000d5580000, 0x00000000d5900000, 0x0000000100000000)
  eden space 2048K, 100% used [0x00000000d5580000,0x00000000d5780000,0x00000000d5780000)
  from space 512K, 25% used [0x00000000d5800000,0x00000000d5820000,0x00000000d5880000)
  to   space 512K, 0% used [0x00000000d5880000,0x00000000d5880000,0x00000000d5900000)
 ParOldGen       total 830976K, used 830492K [0x0000000080000000, 0x00000000b2b80000, 0x00000000d5580000)
  object space 830976K, 99% used [0x0000000080000000,0x00000000b2b07368,0x00000000b2b80000)
 Metaspace       used 88295K, committed 90176K, reserved 1179648K
  class space    used 8705K, committed 9536K, reserved 1048576K
}
Event: 10688.803 GC heap after
{Heap after GC invocations=3631 (full 10):
 PSYoungGen      total 2560K, used 128K [0x00000000d5580000, 0x00000000d5900000, 0x0000000100000000)
  eden space 2048K, 0% used [0x00000000d5580000,0x00000000d5580000,0x00000000d5780000)
  from space 512K, 25% used [0x00000000d5880000,0x00000000d58a0000,0x00000000d5900000)
  to   space 512K, 0% used [0x00000000d5800000,0x00000000d5800000,0x00000000d5880000)
 ParOldGen       total 830976K, used 830524K [0x0000000080000000, 0x00000000b2b80000, 0x00000000d5580000)
  object space 830976K, 99% used [0x0000000080000000,0x00000000b2b0f368,0x00000000b2b80000)
 Metaspace       used 88295K, committed 90176K, reserved 1179648K
  class space    used 8705K, committed 9536K, reserved 1048576K
}

Dll operation events (10 events):
Event: 0.053 Loaded shared library c:\Users\Indhu\.vscode\extensions\redhat.java-1.55.0-win32-x64\jre\21.0.11-win32-x86_64\bin\java.dll
Event: 0.269 Loaded shared library c:\Users\Indhu\.vscode\extensions\redhat.java-1.55.0-win32-x64\jre\21.0.11-win32-x86_64\bin\zip.dll
Event: 0.306 Loaded shared library C:\Users\Indhu\.vscode\extensions\redhat.java-1.55.0-win32-x64\jre\21.0.11-win32-x86_64\bin\instrument.dll
Event: 0.317 Loaded shared library C:\Users\Indhu\.vscode\extensions\redhat.java-1.55.0-win32-x64\jre\21.0.11-win32-x86_64\bin\net.dll
Event: 0.323 Loaded shared library C:\Users\Indhu\.vscode\extensions\redhat.java-1.55.0-win32-x64\jre\21.0.11-win32-x86_64\bin\nio.dll
Event: 0.329 Loaded shared library C:\Users\Indhu\.vscode\extensions\redhat.java-1.55.0-win32-x64\jre\21.0.11-win32-x86_64\bin\zip.dll
Event: 0.364 Loaded shared library C:\Users\Indhu\.vscode\extensions\redhat.java-1.55.0-win32-x64\jre\21.0.11-win32-x86_64\bin\jimage.dll
Event: 0.508 Loaded shared library c:\Users\Indhu\.vscode\extensions\redhat.java-1.55.0-win32-x64\jre\21.0.11-win32-x86_64\bin\verify.dll
Event: 4.972 Loaded shared library C:\Users\Indhu\AppData\Roaming\Code\User\globalStorage\redhat.java\1.55.0\config_win\org.eclipse.equinox.launcher\org.eclipse.equinox.launcher.win32.win32.x86_64_1.3.100.v20260613-0559\eclipse_11924.dll
Event: 12.320 Loaded shared library C:\Users\Indhu\AppData\Local\Temp\jna-70793484\jna10645771005793037420.dll

Deoptimization events (20 events):
Event: 5399.173 Thread 0x0000019a43170070 Uncommon trap: trap_request=0xffffff45 fr.pc=0x0000019a6ea106f4 relative=0x0000000000000674
Event: 5399.173 Thread 0x0000019a43170070 Uncommon trap: reason=unstable_if action=reinterpret pc=0x0000019a6ea106f4 method=org.eclipse.jdt.internal.corext.dom.Bindings.isEqualMethod(Lorg/eclipse/jdt/core/dom/IMethodBinding;Ljava/lang/String;[Lorg/eclipse/jdt/core/dom/ITypeBinding;)Z @ 10 c2
Event: 5399.173 Thread 0x0000019a43170070 DEOPT PACKING pc=0x0000019a6ea106f4 sp=0x00000075cd6fe9d0
Event: 5399.173 Thread 0x0000019a43170070 DEOPT UNPACKING pc=0x0000019a6dd96da2 sp=0x00000075cd6fe9e0 mode 2
Event: 5399.236 Thread 0x0000019a43170070 Uncommon trap: trap_request=0xffffff45 fr.pc=0x0000019a6f7ef1d8 relative=0x0000000000002018
Event: 5399.237 Thread 0x0000019a43170070 Uncommon trap: reason=unstable_if action=reinterpret pc=0x0000019a6f7ef1d8 method=org.eclipse.jdt.core.dom.DefaultBindingResolver.resolveName(Lorg/eclipse/jdt/core/dom/Name;)Lorg/eclipse/jdt/core/dom/IBinding; @ 762 c2
Event: 5399.237 Thread 0x0000019a43170070 DEOPT PACKING pc=0x0000019a6f7ef1d8 sp=0x00000075cd6fea00
Event: 5399.237 Thread 0x0000019a43170070 DEOPT UNPACKING pc=0x0000019a6dd96da2 sp=0x00000075cd6fe990 mode 2
Event: 5399.238 Thread 0x0000019a43170070 Uncommon trap: trap_request=0xffffffc6 fr.pc=0x0000019a6e92d750 relative=0x0000000000000170
Event: 5399.238 Thread 0x0000019a43170070 Uncommon trap: reason=bimorphic_or_optimized_type_check action=maybe_recompile pc=0x0000019a6e92d750 method=org.eclipse.jdt.internal.corext.fix.VariableDeclarationFixCore$WrittenNamesFinder.visit(Lorg/eclipse/jdt/core/dom/QualifiedName;)Z @ 57 c2
Event: 5399.238 Thread 0x0000019a43170070 DEOPT PACKING pc=0x0000019a6e92d750 sp=0x00000075cd6fe650
Event: 5399.238 Thread 0x0000019a43170070 DEOPT UNPACKING pc=0x0000019a6dd96da2 sp=0x00000075cd6fe5e0 mode 2
Event: 5399.246 Thread 0x0000019a43170070 Uncommon trap: trap_request=0xffffffc6 fr.pc=0x0000019a6e92d750 relative=0x0000000000000170
Event: 5399.246 Thread 0x0000019a43170070 Uncommon trap: reason=bimorphic_or_optimized_type_check action=maybe_recompile pc=0x0000019a6e92d750 method=org.eclipse.jdt.internal.corext.fix.VariableDeclarationFixCore$WrittenNamesFinder.visit(Lorg/eclipse/jdt/core/dom/QualifiedName;)Z @ 57 c2
Event: 5399.246 Thread 0x0000019a43170070 DEOPT PACKING pc=0x0000019a6e92d750 sp=0x00000075cd6fe5e0
Event: 5399.246 Thread 0x0000019a43170070 DEOPT UNPACKING pc=0x0000019a6dd96da2 sp=0x00000075cd6fe570 mode 2
Event: 12176.002 Thread 0x0000019a43172e60 Uncommon trap: trap_request=0xffffff45 fr.pc=0x0000019a6e3b1304 relative=0x0000000000000444
Event: 12176.013 Thread 0x0000019a43172e60 Uncommon trap: reason=unstable_if action=reinterpret pc=0x0000019a6e3b1304 method=java.util.concurrent.atomic.AtomicLong.updateAndGet(Ljava/util/function/LongUnaryOperator;)J @ 32 c2
Event: 12176.017 Thread 0x0000019a43172e60 DEOPT PACKING pc=0x0000019a6e3b1304 sp=0x00000075cd7ff050
Event: 12176.022 Thread 0x0000019a43172e60 DEOPT UNPACKING pc=0x0000019a6dd96da2 sp=0x00000075cd7feef8 mode 2

Classes loaded (20 events):
Event: 4086.746 Loading class jdk/internal/module/IllegalAccessLogger
Event: 4086.746 Loading class jdk/internal/module/IllegalAccessLogger done
Event: 4111.063 Loading class jdk/internal/module/IllegalAccessLogger
Event: 4111.063 Loading class jdk/internal/module/IllegalAccessLogger done
Event: 4120.919 Loading class jdk/internal/module/IllegalAccessLogger
Event: 4120.919 Loading class jdk/internal/module/IllegalAccessLogger done
Event: 4125.945 Loading class jdk/internal/module/IllegalAccessLogger
Event: 4125.945 Loading class jdk/internal/module/IllegalAccessLogger done
Event: 4128.191 Loading class jdk/internal/module/IllegalAccessLogger
Event: 4128.191 Loading class jdk/internal/module/IllegalAccessLogger done
Event: 4149.721 Loading class jdk/internal/module/IllegalAccessLogger
Event: 4149.721 Loading class jdk/internal/module/IllegalAccessLogger done
Event: 4154.187 Loading class jdk/internal/module/IllegalAccessLogger
Event: 4154.187 Loading class jdk/internal/module/IllegalAccessLogger done
Event: 4184.846 Loading class jdk/internal/module/IllegalAccessLogger
Event: 4184.847 Loading class jdk/internal/module/IllegalAccessLogger done
Event: 4188.949 Loading class jdk/internal/module/IllegalAccessLogger
Event: 4188.949 Loading class jdk/internal/module/IllegalAccessLogger done
Event: 4286.737 Loading class jdk/internal/module/IllegalAccessLogger
Event: 4286.738 Loading class jdk/internal/module/IllegalAccessLogger done

Classes unloaded (20 events):
Event: 2129.212 Thread 0x0000019a636b4a00 Unloading class 0x0000019a0100d800 'java/lang/invoke/LambdaForm$MH+0x0000019a0100d800'
Event: 2129.212 Thread 0x0000019a636b4a00 Unloading class 0x0000019a0100d400 'java/lang/invoke/LambdaForm$MH+0x0000019a0100d400'
Event: 2129.212 Thread 0x0000019a636b4a00 Unloading class 0x0000019a0100d000 'java/lang/invoke/LambdaForm$MH+0x0000019a0100d000'
Event: 2129.212 Thread 0x0000019a636b4a00 Unloading class 0x0000019a0100cc00 'java/lang/invoke/LambdaForm$MH+0x0000019a0100cc00'
Event: 2129.212 Thread 0x0000019a636b4a00 Unloading class 0x0000019a0100c800 'java/lang/invoke/LambdaForm$BMH+0x0000019a0100c800'
Event: 2129.212 Thread 0x0000019a636b4a00 Unloading class 0x0000019a0100c000 'java/lang/invoke/LambdaForm$DMH+0x0000019a0100c000'
Event: 2129.213 Thread 0x0000019a636b4a00 Unloading class 0x0000019a01008c00 'java/lang/invoke/LambdaForm$MH+0x0000019a01008c00'
Event: 2129.213 Thread 0x0000019a636b4a00 Unloading class 0x0000019a01008800 'java/lang/invoke/LambdaForm$MH+0x0000019a01008800'
Event: 2129.213 Thread 0x0000019a636b4a00 Unloading class 0x0000019a01008400 'java/lang/invoke/LambdaForm$MH+0x0000019a01008400'
Event: 2129.213 Thread 0x0000019a636b4a00 Unloading class 0x0000019a01007000 'java/lang/invoke/LambdaForm$MH+0x0000019a01007000'
Event: 2129.213 Thread 0x0000019a636b4a00 Unloading class 0x0000019a01006800 'java/lang/invoke/LambdaForm$MH+0x0000019a01006800'
Event: 2129.213 Thread 0x0000019a636b4a00 Unloading class 0x0000019a01006400 'java/lang/invoke/LambdaForm$MH+0x0000019a01006400'
Event: 2129.213 Thread 0x0000019a636b4a00 Unloading class 0x0000019a01006000 'java/lang/invoke/LambdaForm$MH+0x0000019a01006000'
Event: 2129.213 Thread 0x0000019a636b4a00 Unloading class 0x0000019a01005c00 'java/lang/invoke/LambdaForm$BMH+0x0000019a01005c00'
Event: 2129.213 Thread 0x0000019a636b4a00 Unloading class 0x0000019a01004800 'java/lang/invoke/LambdaForm$DMH+0x0000019a01004800'
Event: 2129.213 Thread 0x0000019a636b4a00 Unloading class 0x0000019a01002400 'java/lang/invoke/LambdaForm$MH+0x0000019a01002400'
Event: 2129.213 Thread 0x0000019a636b4a00 Unloading class 0x0000019a01002000 'java/lang/invoke/LambdaForm$MH+0x0000019a01002000'
Event: 2129.213 Thread 0x0000019a636b4a00 Unloading class 0x0000019a01001800 'java/lang/invoke/LambdaForm$MH+0x0000019a01001800'
Event: 2495.996 Thread 0x0000019a636b4a00 Unloading class 0x0000019a01000400 'java/lang/invoke/LambdaForm$MH+0x0000019a01000400'
Event: 4081.254 Thread 0x0000019a636b4a00 Unloading class 0x0000019a017ba400 'java/lang/invoke/LambdaForm$MH+0x0000019a017ba400'

Classes redefined (0 events):
No events

Internal exceptions (20 events):
Event: 4150.033 Thread 0x0000019a410a8650 Exception <a 'sun/nio/fs/WindowsException'{0x00000000d55d9cf8}> (0x00000000d55d9cf8) 
thrown [s\src\hotspot\share\prims\jni.cpp, line 520]
Event: 4150.327 Thread 0x0000019a43172140 Implicit null exception at 0x0000019a6ebaea7f to 0x0000019a6ebaf58c
Event: 4150.331 Thread 0x0000019a43172140 Implicit null exception at 0x0000019a6ed5e084 to 0x0000019a6ed5eba4
Event: 4153.810 Thread 0x0000019a410a8650 Exception <a 'sun/nio/fs/WindowsException'{0x00000000d58adcc0}> (0x00000000d58adcc0) 
thrown [s\src\hotspot\share\prims\jni.cpp, line 520]
Event: 4155.981 Thread 0x0000019a410a8650 Exception <a 'sun/nio/fs/WindowsException'{0x00000000d55a1f88}> (0x00000000d55a1f88) 
thrown [s\src\hotspot\share\prims\jni.cpp, line 520]
Event: 4173.315 Thread 0x0000019a43170700 Implicit null exception at 0x0000019a6e61272b to 0x0000019a6e61319c
Event: 4175.868 Thread 0x0000019a43170700 Exception <a 'java/lang/NoSuchMethodError'{0x00000000d55db4a0}: 'int java.lang.invoke.DirectMethodHandle$Holder.invokeSpecialIFC(java.lang.Object, java.lang.Object, int)'> (0x00000000d55db4a0) 
thrown [s\src\hotspot\share\interpreter\linkResolver.cpp, line 773]
Event: 4176.219 Thread 0x0000019a43170700 Exception <a 'sun/nio/fs/WindowsException'{0x00000000d5624b28}> (0x00000000d5624b28) 
thrown [s\src\hotspot\share\prims\jni.cpp, line 520]
Event: 4176.224 Thread 0x0000019a43170700 Exception <a 'sun/nio/fs/WindowsException'{0x00000000d5625160}> (0x00000000d5625160) 
thrown [s\src\hotspot\share\prims\jni.cpp, line 520]
Event: 4184.665 Thread 0x0000019a410a8650 Exception <a 'sun/nio/fs/WindowsException'{0x00000000d55a8ed8}> (0x00000000d55a8ed8) 
thrown [s\src\hotspot\share\prims\jni.cpp, line 520]
Event: 4187.263 Thread 0x0000019a410a8650 Exception <a 'sun/nio/fs/WindowsException'{0x00000000d5632de0}> (0x00000000d5632de0) 
thrown [s\src\hotspot\share\prims\jni.cpp, line 520]
Event: 4197.750 Thread 0x0000019a43176970 Exception <a 'sun/nio/fs/WindowsException'{0x00000000d55da710}> (0x00000000d55da710) 
thrown [s\src\hotspot\share\prims\jni.cpp, line 520]
Event: 4197.750 Thread 0x0000019a43176970 Exception <a 'sun/nio/fs/WindowsException'{0x00000000d55db260}> (0x00000000d55db260) 
thrown [s\src\hotspot\share\prims\jni.cpp, line 520]
Event: 4285.212 Thread 0x0000019a410a8650 Exception <a 'sun/nio/fs/WindowsException'{0x00000000d567fd08}> (0x00000000d567fd08) 
thrown [s\src\hotspot\share\prims\jni.cpp, line 520]
Event: 4287.113 Thread 0x0000019a410a8650 Exception <a 'sun/nio/fs/WindowsException'{0x00000000d5632b48}> (0x00000000d5632b48) 
thrown [s\src\hotspot\share\prims\jni.cpp, line 520]
Event: 4585.576 Thread 0x0000019a43172e60 Exception <a 'sun/nio/fs/WindowsException'{0x00000000d5724e38}> (0x00000000d5724e38) 
thrown [s\src\hotspot\share\prims\jni.cpp, line 520]
Event: 4585.580 Thread 0x0000019a43172e60 Exception <a 'sun/nio/fs/WindowsException'{0x00000000d5725720}> (0x00000000d5725720) 
thrown [s\src\hotspot\share\prims\jni.cpp, line 520]
Event: 5306.612 Thread 0x0000019a43170070 Implicit null exception at 0x0000019a6f53e4f9 to 0x0000019a6f541240
Event: 5306.616 Thread 0x0000019a43171ab0 Implicit null exception at 0x0000019a6f53e4f9 to 0x0000019a6f541240
Event: 5307.057 Thread 0x0000019a43170070 Implicit null exception at 0x0000019a6efa7e4f to 0x0000019a6efa7fba

ZGC Phase Switch (0 events):
No events

VM Operations (20 events):
Event: 10957.324 Executing safepoint VM operation: Cleanup
Event: 10957.331 Executing safepoint VM operation: Cleanup done
Event: 10985.522 Executing safepoint VM operation: Cleanup
Event: 10985.527 Executing safepoint VM operation: Cleanup done
Event: 12032.643 Executing non-safepoint VM operation: HandshakeAllThreads (HandshakeForDeflation)
Event: 12032.651 Executing non-safepoint VM operation: HandshakeAllThreads (HandshakeForDeflation) done
Event: 12032.651 Executing non-safepoint VM operation: RendezvousGCThreads
Event: 12032.651 Executing non-safepoint VM operation: RendezvousGCThreads done
Event: 12213.111 Executing non-safepoint VM operation: HandshakeAllThreads (HandshakeForDeflation)
Event: 12213.115 Executing non-safepoint VM operation: HandshakeAllThreads (HandshakeForDeflation) done
Event: 12213.115 Executing non-safepoint VM operation: RendezvousGCThreads
Event: 12213.116 Executing non-safepoint VM operation: RendezvousGCThreads done
Event: 12273.144 Executing non-safepoint VM operation: HandshakeAllThreads (HandshakeForDeflation)
Event: 12273.147 Executing non-safepoint VM operation: HandshakeAllThreads (HandshakeForDeflation) done
Event: 12273.147 Executing non-safepoint VM operation: RendezvousGCThreads
Event: 12273.148 Executing non-safepoint VM operation: RendezvousGCThreads done
Event: 12333.176 Executing non-safepoint VM operation: HandshakeAllThreads (HandshakeForDeflation)
Event: 12333.183 Executing non-safepoint VM operation: HandshakeAllThreads (HandshakeForDeflation) done
Event: 12333.183 Executing non-safepoint VM operation: RendezvousGCThreads
Event: 12333.184 Executing non-safepoint VM operation: RendezvousGCThreads done

Memory protections (0 events):
No events

Nmethod flushes (20 events):
Event: 4081.923 Thread 0x0000019a636b4a00 flushing  nmethod 0x0000019a68d6ef10
Event: 4081.923 Thread 0x0000019a636b4a00 flushing  nmethod 0x0000019a68d76b10
Event: 4081.923 Thread 0x0000019a636b4a00 flushing  nmethod 0x0000019a68d8c010
Event: 4081.923 Thread 0x0000019a636b4a00 flushing  nmethod 0x0000019a68d93310
Event: 4081.923 Thread 0x0000019a636b4a00 flushing  nmethod 0x0000019a68d94290
Event: 4081.923 Thread 0x0000019a636b4a00 flushing  nmethod 0x0000019a68d94b90
Event: 4081.925 Thread 0x0000019a636b4a00 flushing  nmethod 0x0000019a68da3e10
Event: 4081.925 Thread 0x0000019a636b4a00 flushing  nmethod 0x0000019a68da5510
Event: 4081.925 Thread 0x0000019a636b4a00 flushing  nmethod 0x0000019a68dc0d90
Event: 4081.925 Thread 0x0000019a636b4a00 flushing  nmethod 0x0000019a68dd3810
Event: 4081.926 Thread 0x0000019a636b4a00 flushing  nmethod 0x0000019a68df2790
Event: 4081.926 Thread 0x0000019a636b4a00 flushing  nmethod 0x0000019a68dfbf90
Event: 4081.926 Thread 0x0000019a636b4a00 flushing  nmethod 0x0000019a68e02790
Event: 4081.926 Thread 0x0000019a636b4a00 flushing  nmethod 0x0000019a68e64910
Event: 4081.926 Thread 0x0000019a636b4a00 flushing  nmethod 0x0000019a68e8dd90
Event: 4081.926 Thread 0x0000019a636b4a00 flushing  nmethod 0x0000019a68eb0410
Event: 4081.926 Thread 0x0000019a636b4a00 flushing  nmethod 0x0000019a68ec0990
Event: 4081.926 Thread 0x0000019a636b4a00 flushing  nmethod 0x0000019a68f1db10
Event: 4081.926 Thread 0x0000019a636b4a00 flushing  nmethod 0x0000019a68f7c190
Event: 4081.926 Thread 0x0000019a636b4a00 flushing  nmethod 0x0000019a68fd2990

Events (20 events):
Event: 5304.724 Thread 0x0000019a426a45a0 Thread added: 0x0000019a43170700
Event: 5365.269 Thread 0x0000019a43172140 Thread exited: 0x0000019a43172140
Event: 5365.274 Thread 0x0000019a431762e0 Thread exited: 0x0000019a431762e0
Event: 5367.156 Thread 0x0000019a431734f0 Thread exited: 0x0000019a431734f0
Event: 5398.081 Thread 0x0000019a43171ab0 Thread added: 0x0000019a431748a0
Event: 5398.260 Thread 0x0000019a426a45a0 Thread added: 0x0000019a43174f30
Event: 5459.117 Thread 0x0000019a431748a0 Thread exited: 0x0000019a431748a0
Event: 5462.686 Thread 0x0000019a43170070 Thread exited: 0x0000019a43170070
Event: 5522.698 Thread 0x0000019a43174f30 Thread exited: 0x0000019a43174f30
Event: 5582.726 Thread 0x0000019a43170700 Thread exited: 0x0000019a43170700
Event: 5600.619 Thread 0x0000019a426a45a0 Thread added: 0x0000019a431734f0
Event: 5601.069 Thread 0x0000019a431734f0 Thread added: 0x0000019a43170700
Event: 5664.898 Thread 0x0000019a431734f0 Thread exited: 0x0000019a431734f0
Event: 5724.849 Thread 0x0000019a43170700 Thread exited: 0x0000019a43170700
Event: 10647.858 Thread 0x0000019a426a45a0 Thread added: 0x0000019a43172140
Event: 10648.019 Thread 0x0000019a426a45a0 Thread added: 0x0000019a431734f0
Event: 10648.232 Thread 0x0000019a426a45a0 Thread added: 0x0000019a43170700
Event: 10749.557 Thread 0x0000019a431734f0 Thread exited: 0x0000019a431734f0
Event: 10809.857 Thread 0x0000019a43170700 Thread exited: 0x0000019a43170700
Event: 10869.850 Thread 0x0000019a43172140 Thread exited: 0x0000019a43172140


Dynamic libraries:
0x00007ff6370b0000 - 0x00007ff6370be000 	c:\Users\Indhu\.vscode\extensions\redhat.java-1.55.0-win32-x64\jre\21.0.11-win32-x86_64\bin\java.exe
0x00007ffa18140000 - 0x00007ffa183a6000 	C:\WINDOWS\SYSTEM32\ntdll.dll
0x00007ffa0adf0000 - 0x00007ffa0ae11000 	C:\Program Files\Avast Software\Avast\aswhook.dll
0x00007ffa16e30000 - 0x00007ffa16ef9000 	C:\WINDOWS\System32\KERNEL32.DLL
0x00007ffa154d0000 - 0x00007ffa158d0000 	C:\WINDOWS\System32\KERNELBASE.dll
0x00007ffa15be0000 - 0x00007ffa15d2c000 	C:\WINDOWS\System32\ucrtbase.dll
0x00007ff9cbc80000 - 0x00007ff9cbc98000 	c:\Users\Indhu\.vscode\extensions\redhat.java-1.55.0-win32-x64\jre\21.0.11-win32-x86_64\bin\jli.dll
0x00007ff9b0d80000 - 0x00007ff9b0d9e000 	c:\Users\Indhu\.vscode\extensions\redhat.java-1.55.0-win32-x64\jre\21.0.11-win32-x86_64\bin\VCRUNTIME140.dll
0x00007ffa17e40000 - 0x00007ffa18007000 	C:\WINDOWS\System32\USER32.dll
0x00007ffa154a0000 - 0x00007ffa154c7000 	C:\WINDOWS\System32\win32u.dll
0x00007ffa16e00000 - 0x00007ffa16e2b000 	C:\WINDOWS\System32\GDI32.dll
0x00007ffa15d40000 - 0x00007ffa15e69000 	C:\WINDOWS\System32\gdi32full.dll
0x00007ffa15360000 - 0x00007ffa15403000 	C:\WINDOWS\System32\msvcp_win.dll
0x00007ff9fcde0000 - 0x00007ff9fd072000 	C:\WINDOWS\WinSxS\amd64_microsoft.windows.common-controls_6595b64144ccf1df_6.0.26100.8737_none_3e092eaee333b772\COMCTL32.dll
0x00007ffa161a0000 - 0x00007ffa16249000 	C:\WINDOWS\System32\msvcrt.dll
0x00007ffa17ce0000 - 0x00007ffa17d12000 	C:\WINDOWS\System32\IMM32.DLL
0x00007ff9da8c0000 - 0x00007ff9da8cc000 	c:\Users\Indhu\.vscode\extensions\redhat.java-1.55.0-win32-x64\jre\21.0.11-win32-x86_64\bin\vcruntime140_1.dll
0x00007ff9a8530000 - 0x00007ff9a85bd000 	c:\Users\Indhu\.vscode\extensions\redhat.java-1.55.0-win32-x64\jre\21.0.11-win32-x86_64\bin\msvcp140.dll
0x00007ff997880000 - 0x00007ff998622000 	c:\Users\Indhu\.vscode\extensions\redhat.java-1.55.0-win32-x64\jre\21.0.11-win32-x86_64\bin\server\jvm.dll
0x00007ffa18010000 - 0x00007ffa180c7000 	C:\WINDOWS\System32\ADVAPI32.dll
0x00007ffa16280000 - 0x00007ffa1632a000 	C:\WINDOWS\System32\sechost.dll
0x00007ffa16c80000 - 0x00007ffa16d98000 	C:\WINDOWS\System32\RPCRT4.dll
0x00007ffa17d20000 - 0x00007ffa17da0000 	C:\WINDOWS\System32\WS2_32.dll
0x00007ffa151e0000 - 0x00007ffa1523e000 	C:\WINDOWS\SYSTEM32\POWRPROF.dll
0x00007ffa0bc50000 - 0x00007ffa0bc86000 	C:\WINDOWS\SYSTEM32\WINMM.dll
0x00007ffa0b240000 - 0x00007ffa0b24b000 	C:\WINDOWS\SYSTEM32\VERSION.dll
0x00007ffa151c0000 - 0x00007ffa151d4000 	C:\WINDOWS\SYSTEM32\UMPDC.dll
0x00007ffa14040000 - 0x00007ffa1405b000 	C:\WINDOWS\SYSTEM32\kernel.appcore.dll
0x00007ff9da480000 - 0x00007ff9da48a000 	c:\Users\Indhu\.vscode\extensions\redhat.java-1.55.0-win32-x64\jre\21.0.11-win32-x86_64\bin\jimage.dll
0x00007ffa12af0000 - 0x00007ffa12d32000 	C:\WINDOWS\SYSTEM32\DBGHELP.DLL
0x00007ffa174c0000 - 0x00007ffa17843000 	C:\WINDOWS\System32\combase.dll
0x00007ffa17320000 - 0x00007ffa173f9000 	C:\WINDOWS\System32\OLEAUT32.dll
0x00007ffa05350000 - 0x00007ffa0538b000 	C:\WINDOWS\SYSTEM32\dbgcore.DLL
0x00007ffa15b20000 - 0x00007ffa15bcc000 	C:\WINDOWS\System32\bcryptPrimitives.dll
0x00007ff9da440000 - 0x00007ff9da44f000 	c:\Users\Indhu\.vscode\extensions\redhat.java-1.55.0-win32-x64\jre\21.0.11-win32-x86_64\bin\instrument.dll
0x00007ff9afdf0000 - 0x00007ff9afe10000 	c:\Users\Indhu\.vscode\extensions\redhat.java-1.55.0-win32-x64\jre\21.0.11-win32-x86_64\bin\java.dll
0x00007ffa16330000 - 0x00007ffa16ac2000 	C:\WINDOWS\System32\SHELL32.dll
0x00007ffa12e40000 - 0x00007ffa136d2000 	C:\WINDOWS\SYSTEM32\windows.storage.dll
0x00007ffa16050000 - 0x00007ffa16147000 	C:\WINDOWS\System32\SHCORE.dll
0x00007ffa16f00000 - 0x00007ffa16f67000 	C:\WINDOWS\System32\shlwapi.dll
0x00007ffa15280000 - 0x00007ffa152a9000 	C:\WINDOWS\SYSTEM32\profapi.dll
0x00007ff9ad1f0000 - 0x00007ff9ad208000 	c:\Users\Indhu\.vscode\extensions\redhat.java-1.55.0-win32-x64\jre\21.0.11-win32-x86_64\bin\zip.dll
0x00007ff9d81b0000 - 0x00007ff9d81c0000 	C:\Users\Indhu\.vscode\extensions\redhat.java-1.55.0-win32-x64\jre\21.0.11-win32-x86_64\bin\net.dll
0x00007ffa07110000 - 0x00007ffa07239000 	C:\WINDOWS\SYSTEM32\WINHTTP.dll
0x00007ffa145f0000 - 0x00007ffa1465c000 	C:\WINDOWS\system32\mswsock.dll
0x00007ff9a83d0000 - 0x00007ff9a83e6000 	C:\Users\Indhu\.vscode\extensions\redhat.java-1.55.0-win32-x64\jre\21.0.11-win32-x86_64\bin\nio.dll
0x00007ff9d7fb0000 - 0x00007ff9d7fc0000 	c:\Users\Indhu\.vscode\extensions\redhat.java-1.55.0-win32-x64\jre\21.0.11-win32-x86_64\bin\verify.dll
0x00007ffa0bbd0000 - 0x00007ffa0bc15000 	C:\Users\Indhu\AppData\Roaming\Code\User\globalStorage\redhat.java\1.55.0\config_win\org.eclipse.equinox.launcher\org.eclipse.equinox.launcher.win32.win32.x86_64_1.3.100.v20260613-0559\eclipse_11924.dll
0x00007ffa16ad0000 - 0x00007ffa16c69000 	C:\WINDOWS\System32\ole32.dll
0x00007ffa14910000 - 0x00007ffa1492b000 	C:\WINDOWS\SYSTEM32\CRYPTSP.dll
0x00007ffa13fa0000 - 0x00007ffa13fd9000 	C:\WINDOWS\system32\rsaenh.dll
0x00007ffa146b0000 - 0x00007ffa146e2000 	C:\WINDOWS\SYSTEM32\USERENV.dll
0x00007ffa15250000 - 0x00007ffa1527a000 	C:\WINDOWS\SYSTEM32\bcrypt.dll
0x00007ffa148f0000 - 0x00007ffa148fc000 	C:\WINDOWS\SYSTEM32\CRYPTBASE.dll
0x00007ffa13a10000 - 0x00007ffa13a43000 	C:\WINDOWS\SYSTEM32\IPHLPAPI.DLL
0x00007ffa180f0000 - 0x00007ffa180fa000 	C:\WINDOWS\System32\NSI.dll
0x00007ff9a2520000 - 0x00007ff9a2569000 	C:\Users\Indhu\AppData\Local\Temp\jna-70793484\jna10645771005793037420.dll
0x00007ffa17e30000 - 0x00007ffa17e38000 	C:\WINDOWS\System32\PSAPI.DLL
0x00007ffa07320000 - 0x00007ffa0733d000 	C:\WINDOWS\SYSTEM32\dhcpcsvc6.DLL
0x00007ffa06fb0000 - 0x00007ffa06fd5000 	C:\WINDOWS\SYSTEM32\dhcpcsvc.DLL

JVMTI agents:
c:\Users\Indhu\.vscode\extensions\redhat.java-1.55.0-win32-x64\lombok\lombok-1.18.39-4050.jar path:c:\Users\Indhu\.vscode\extensions\redhat.java-1.55.0-win32-x64\jre\21.0.11-win32-x86_64\bin\instrument.dll, loaded, initialized, instrumentlib options:none

dbghelp: loaded successfully - version: 4.0.5 - missing functions: none
symbol engine: initialized successfully - sym options: 0x614 - pdb path: .;c:\Users\Indhu\.vscode\extensions\redhat.java-1.55.0-win32-x64\jre\21.0.11-win32-x86_64\bin;C:\WINDOWS\SYSTEM32;C:\Program Files\Avast Software\Avast;C:\WINDOWS\WinSxS\amd64_microsoft.windows.common-controls_6595b64144ccf1df_6.0.26100.8737_none_3e092eaee333b772;c:\Users\Indhu\.vscode\extensions\redhat.java-1.55.0-win32-x64\jre\21.0.11-win32-x86_64\bin\server;C:\Users\Indhu\AppData\Roaming\Code\User\globalStorage\redhat.java\1.55.0\config_win\org.eclipse.equinox.launcher\org.eclipse.equinox.launcher.win32.win32.x86_64_1.3.100.v20260613-0559;C:\Users\Indhu\AppData\Local\Temp\jna-70793484

VM Arguments:
jvm_args: --add-modules=ALL-SYSTEM --add-opens=java.base/java.util=ALL-UNNAMED --add-opens=java.base/java.lang=ALL-UNNAMED --add-opens=java.base/sun.nio.fs=ALL-UNNAMED -Declipse.application=org.eclipse.jdt.ls.core.id1 -Dosgi.bundles.defaultStartLevel=4 -Declipse.product=org.eclipse.jdt.ls.core.product -Djava.import.generatesMetadataFilesAtProjectRoot=false -DDetectVMInstallationsJob.disabled=true -Dfile.encoding=utf8 -XX:+UseParallelGC -XX:GCTimeRatio=4 -XX:AdaptiveSizePolicyWeight=90 -Dsun.zip.disableMemoryMapping=true -Xmx2G -Xms100m -Xlog:disable -javaagent:c:\Users\Indhu\.vscode\extensions\redhat.java-1.55.0-win32-x64\lombok\lombok-1.18.39-4050.jar -XX:+HeapDumpOnOutOfMemoryError -XX:HeapDumpPath=c:\Users\Indhu\AppData\Roaming\Code\User\workspaceStorage\156ce103e89e6260981728d698ba9c7e\redhat.java -Daether.dependencyCollector.impl=bf 
java_command: c:\Users\Indhu\.vscode\extensions\redhat.java-1.55.0-win32-x64\server\plugins\org.eclipse.equinox.launcher_1.7.200.v20260619-2039.jar -configuration c:\Users\Indhu\AppData\Roaming\Code\User\globalStorage\redhat.java\1.55.0\config_win -data c:\Users\Indhu\AppData\Roaming\Code\User\workspaceStorage\156ce103e89e6260981728d698ba9c7e\redhat.java\jdt_ws --pipe=\\.\pipe\lsp-8f9b664bf392cb245379eb9b0ec1ce32-sock
java_class_path (initial): c:\Users\Indhu\.vscode\extensions\redhat.java-1.55.0-win32-x64\server\plugins\org.eclipse.equinox.launcher_1.7.200.v20260619-2039.jar
Launcher Type: SUN_STANDARD

[Global flags]
    uintx AdaptiveSizePolicyWeight                 = 90                                        {product} {command line}
     intx CICompilerCount                          = 3                                         {product} {ergonomic}
    uintx GCTimeRatio                              = 4                                         {product} {command line}
     bool HeapDumpOnOutOfMemoryError               = true                                   {manageable} {command line}
    ccstr HeapDumpPath                             = c:\Users\Indhu\AppData\Roaming\Code\User\workspaceStorage\156ce103e89e6260981728d698ba9c7e\redhat.java         {manageable} {command line}
   size_t InitialHeapSize                          = 104857600                                 {product} {command line}
   size_t MaxHeapSize                              = 2147483648                                {product} {command line}
   size_t MaxNewSize                               = 715653120                                 {product} {ergonomic}
   size_t MinHeapDeltaBytes                        = 524288                                    {product} {ergonomic}
   size_t MinHeapSize                              = 104857600                                 {product} {command line}
   size_t NewSize                                  = 34603008                                  {product} {ergonomic}
    uintx NonNMethodCodeHeapSize                   = 5832780                                {pd product} {ergonomic}
    uintx NonProfiledCodeHeapSize                  = 122912730                              {pd product} {ergonomic}
   size_t OldSize                                  = 70254592                                  {product} {ergonomic}
    uintx ProfiledCodeHeapSize                     = 122912730                              {pd product} {ergonomic}
    uintx ReservedCodeCacheSize                    = 251658240                              {pd product} {ergonomic}
     bool SegmentedCodeCache                       = true                                      {product} {ergonomic}
   size_t SoftMaxHeapSize                          = 2147483648                             {manageable} {ergonomic}
     bool UseCompressedOops                        = true                           {product lp64_product} {ergonomic}
     bool UseLargePagesIndividualAllocation        = false                                  {pd product} {ergonomic}
     bool UseParallelGC                            = true                                      {product} {command line}

Logging:
Log output configuration:
 #0: stdout all=off uptime,level,tags foldmultilines=false
 #1: stderr all=off uptime,level,tags foldmultilines=false

Release file:
JAVA_VERSION="21.0.11" 
MODULES="java.base java.compiler java.datatransfer java.xml java.prefs java.desktop java.instrument java.logging java.management java.security.sasl java.naming java.rmi java.management.rmi java.net.http java.scripting java.security.jgss java.transaction.xa java.sql java.sql.rowset java.xml.crypto java.se java.smartcardio jdk.accessibility jdk.internal.jvmstat jdk.attach jdk.charsets jdk.internal.opt jdk.zipfs jdk.compiler jdk.crypto.ec jdk.crypto.cryptoki jdk.crypto.mscapi jdk.dynalink jdk.internal.ed jdk.editpad jdk.hotspot.agent jdk.httpserver jdk.internal.le jdk.internal.vm.ci jdk.internal.vm.compiler jdk.internal.vm.compiler.management jdk.jartool jdk.javadoc jdk.jcmd jdk.management jdk.management.agent jdk.jconsole jdk.jdeps jdk.jdwp.agent jdk.jdi jdk.jfr jdk.jshell jdk.jsobject jdk.jstatd jdk.localedata jdk.management.jfr jdk.naming.dns jdk.naming.rmi jdk.net jdk.nio.mapmode jdk.random jdk.sctp jdk.security.auth jdk.security.jgss jdk.unsupported jdk.unsupported.desktop jdk.xml.dom" 

Environment Variables:
JAVA_HOME=C:\Program Files\java\jdk-21.0.11
PATH=C:\MinGW\bin;C:\Python311\Scripts\;C:\Python311\;C:\Windows\system32;C:\Windows;C:\Windows\System32\Wbem;C:\Windows\System32\WindowsPowerShell\v1.0\;C:\Windows\System32\OpenSSH\;C:\ProgramData\chocolatey\bin;c:\Users\Indhu\AppData\Local\Programs\cursor\resources\app\bin;C:\Program Files\Git\cmd;C:\WINDOWS\system32;C:\WINDOWS;C:\WINDOWS\System32\Wbem;C:\WINDOWS\System32\WindowsPowerShell\v1.0\;C:\WINDOWS\System32\OpenSSH\;C:\Program Files\java\jre-8u451-windows-x64.exe;C:\Program Files\nodejs\;C:\Program Files\Redis\;C:\Program Files\java\jdk-21.0.11\bin;C:\Program Files\PostgreSQL\14\bin;C:\Program Files\Java\jdk-21.0.11\bin;C:\Users\Indhu\AppData\Local\Programs\Python\Python313\Scripts\;C:\Users\Indhu\AppData\Local\Programs\Python\Python313\;C:\Users\Indhu\AppData\Local\Microsoft\WindowsApps;C:\Users\Indhu\AppData\Local\Programs\Microsoft VS Code\bin;C:\Users\Indhu\AppData\Local\GitHubDesktop\bin;C:\Users\Indhu\AppData\Roaming\npm;C:\Users\Indhu\AppData\Local\Programs\Antigravity\bin
USERNAME=Indhu
OS=Windows_NT
PROCESSOR_IDENTIFIER=Intel64 Family 6 Model 126 Stepping 5, GenuineIntel
TMP=C:\Users\Indhu\AppData\Local\Temp
TEMP=C:\Users\Indhu\AppData\Local\Temp




Periodic native trim disabled

---------------  S Y S T E M  ---------------

OS:
 Windows 11 , 64 bit Build 26100 (10.0.26100.8737)
OS uptime: 3 days 14:07 hours

CPU: total 4 (initial active 4) (2 cores per cpu, 2 threads per core) family 6 model 126 stepping 5 microcode 0xa6, cx8, cmov, fxsr, ht, mmx, 3dnowpref, sse, sse2, sse3, ssse3, sse4.1, sse4.2, popcnt, lzcnt, tsc, tscinvbit, avx, avx2, aes, erms, clmul, bmi1, bmi2, adx, avx512f, avx512dq, avx512cd, avx512bw, avx512vl, sha, fma, vzeroupper, avx512_vpopcntdq, avx512_vpclmulqdq, avx512_vaes, avx512_vnni, clflush, clflushopt, avx512_vbmi2, avx512_vbmi, rdtscp, rdpid, fsrm, gfni, avx512_bitalg, f16c, pku, avx512_ifma
Processor Information for the first 4 processors :
  Max Mhz: 1201, Current Mhz: 1201, Mhz Limit: 1201

Memory: 4k page, system-wide physical 3901M (144M free)
TotalPageFile size 15677M (AvailPageFile size 0M)
current process WorkingSet (physical memory assigned to process): 7M, peak: 998M
current process commit charge ("private bytes"): 1155M, peak: 1718M

vm_info: OpenJDK 64-Bit Server VM (21.0.11+10-LTS) for windows-amd64 JRE (21.0.11+10-LTS), built on 2026-04-21T00:00:00Z by "admin" with MS VC++ 17.12 (VS2022)

END.
